{"/Users/dakoo/Documents/workspace/Appfinanzas/finanzas-backend/src/index.js": {"path":"/Users/dakoo/Documents/workspace/Appfinanzas/finanzas-backend/src/index.js","statementMap":{"0":{"start":{"line":24,"column":0},"end":{"line":24,"column":16}},"1":{"start":{"line":26,"column":12},"end":{"line":26,"column":21}},"2":{"start":{"line":27,"column":13},"end":{"line":27,"column":37}},"3":{"start":{"line":30,"column":16},"end":{"line":34,"column":2}},"4":{"start":{"line":37,"column":0},"end":{"line":37,"column":18}},"5":{"start":{"line":38,"column":0},"end":{"line":38,"column":17}},"6":{"start":{"line":39,"column":0},"end":{"line":39,"column":16}},"7":{"start":{"line":40,"column":0},"end":{"line":40,"column":24}},"8":{"start":{"line":43,"column":0},"end":{"line":43,"column":72}},"9":{"start":{"line":46,"column":0},"end":{"line":58,"column":3}},"10":{"start":{"line":47,"column":2},"end":{"line":57,"column":3}},"11":{"start":{"line":49,"column":19},"end":{"line":49,"column":51}},"12":{"start":{"line":50,"column":4},"end":{"line":54,"column":7}},"13":{"start":{"line":56,"column":4},"end":{"line":56,"column":16}},"14":{"start":{"line":61,"column":0},"end":{"line":75,"column":3}},"15":{"start":{"line":62,"column":2},"end":{"line":74,"column":3}},"16":{"start":{"line":63,"column":25},"end":{"line":63,"column":35}},"17":{"start":{"line":64,"column":19},"end":{"line":67,"column":5}},"18":{"start":{"line":68,"column":4},"end":{"line":70,"column":5}},"19":{"start":{"line":69,"column":6},"end":{"line":69,"column":70}},"20":{"start":{"line":71,"column":4},"end":{"line":71,"column":46}},"21":{"start":{"line":73,"column":4},"end":{"line":73,"column":16}},"22":{"start":{"line":78,"column":0},"end":{"line":78,"column":56}},"23":{"start":{"line":79,"column":0},"end":{"line":79,"column":61}},"24":{"start":{"line":80,"column":0},"end":{"line":80,"column":56}},"25":{"start":{"line":81,"column":0},"end":{"line":81,"column":51}},"26":{"start":{"line":82,"column":0},"end":{"line":82,"column":59}},"27":{"start":{"line":83,"column":0},"end":{"line":83,"column":60}},"28":{"start":{"line":84,"column":0},"end":{"line":84,"column":62}},"29":{"start":{"line":85,"column":0},"end":{"line":85,"column":63}},"30":{"start":{"line":86,"column":0},"end":{"line":86,"column":62}},"31":{"start":{"line":87,"column":0},"end":{"line":87,"column":51}},"32":{"start":{"line":88,"column":0},"end":{"line":88,"column":52}},"33":{"start":{"line":91,"column":0},"end":{"line":95,"column":3}},"34":{"start":{"line":92,"column":2},"end":{"line":94,"column":5}},"35":{"start":{"line":98,"column":0},"end":{"line":127,"column":3}},"36":{"start":{"line":99,"column":2},"end":{"line":99,"column":45}},"37":{"start":{"line":101,"column":21},"end":{"line":101,"column":64}},"38":{"start":{"line":102,"column":19},"end":{"line":102,"column":40}},"39":{"start":{"line":105,"column":2},"end":{"line":121,"column":3}},"40":{"start":{"line":106,"column":4},"end":{"line":106,"column":21}},"41":{"start":{"line":107,"column":23},"end":{"line":107,"column":43}},"42":{"start":{"line":108,"column":4},"end":{"line":120,"column":5}},"43":{"start":{"line":109,"column":6},"end":{"line":109,"column":104}},"44":{"start":{"line":110,"column":11},"end":{"line":120,"column":5}},"45":{"start":{"line":111,"column":6},"end":{"line":111,"column":98}},"46":{"start":{"line":112,"column":11},"end":{"line":120,"column":5}},"47":{"start":{"line":113,"column":6},"end":{"line":113,"column":107}},"48":{"start":{"line":114,"column":11},"end":{"line":120,"column":5}},"49":{"start":{"line":115,"column":6},"end":{"line":115,"column":103}},"50":{"start":{"line":116,"column":11},"end":{"line":120,"column":5}},"51":{"start":{"line":117,"column":6},"end":{"line":117,"column":88}},"52":{"start":{"line":119,"column":6},"end":{"line":119,"column":118}},"53":{"start":{"line":123,"column":2},"end":{"line":126,"column":5}},"54":{"start":{"line":129,"column":0},"end":{"line":133,"column":1}},"55":{"start":{"line":130,"column":2},"end":{"line":132,"column":5}},"56":{"start":{"line":131,"column":4},"end":{"line":131,"column":66}}},"fnMap":{"0":{"name":"(anonymous_0)","decl":{"start":{"line":46,"column":19},"end":{"line":46,"column":20}},"loc":{"start":{"line":46,"column":45},"end":{"line":58,"column":1}},"line":46},"1":{"name":"(anonymous_1)","decl":{"start":{"line":61,"column":49},"end":{"line":61,"column":50}},"loc":{"start":{"line":61,"column":75},"end":{"line":75,"column":1}},"line":61},"2":{"name":"(anonymous_2)","decl":{"start":{"line":91,"column":8},"end":{"line":91,"column":9}},"loc":{"start":{"line":91,"column":28},"end":{"line":95,"column":1}},"line":91},"3":{"name":"(anonymous_3)","decl":{"start":{"line":98,"column":8},"end":{"line":98,"column":9}},"loc":{"start":{"line":98,"column":33},"end":{"line":127,"column":1}},"line":98},"4":{"name":"(anonymous_4)","decl":{"start":{"line":130,"column":19},"end":{"line":130,"column":20}},"loc":{"start":{"line":130,"column":25},"end":{"line":132,"column":3}},"line":130}},"branchMap":{"0":{"loc":{"start":{"line":27,"column":13},"end":{"line":27,"column":37}},"type":"binary-expr","locations":[{"start":{"line":27,"column":13},"end":{"line":27,"column":29}},{"start":{"line":27,"column":33},"end":{"line":27,"column":37}}],"line":27},"1":{"loc":{"start":{"line":68,"column":4},"end":{"line":70,"column":5}},"type":"if","locations":[{"start":{"line":68,"column":4},"end":{"line":70,"column":5}},{"start":{},"end":{}}],"line":68},"2":{"loc":{"start":{"line":101,"column":21},"end":{"line":101,"column":64}},"type":"binary-expr","locations":[{"start":{"line":101,"column":21},"end":{"line":101,"column":32}},{"start":{"line":101,"column":36},"end":{"line":101,"column":64}}],"line":101},"3":{"loc":{"start":{"line":102,"column":19},"end":{"line":102,"column":40}},"type":"binary-expr","locations":[{"start":{"line":102,"column":19},"end":{"line":102,"column":33}},{"start":{"line":102,"column":37},"end":{"line":102,"column":40}}],"line":102},"4":{"loc":{"start":{"line":105,"column":2},"end":{"line":121,"column":3}},"type":"if","locations":[{"start":{"line":105,"column":2},"end":{"line":121,"column":3}},{"start":{},"end":{}}],"line":105},"5":{"loc":{"start":{"line":107,"column":23},"end":{"line":107,"column":43}},"type":"binary-expr","locations":[{"start":{"line":107,"column":23},"end":{"line":107,"column":37}},{"start":{"line":107,"column":41},"end":{"line":107,"column":43}}],"line":107},"6":{"loc":{"start":{"line":108,"column":4},"end":{"line":120,"column":5}},"type":"if","locations":[{"start":{"line":108,"column":4},"end":{"line":120,"column":5}},{"start":{"line":110,"column":11},"end":{"line":120,"column":5}}],"line":108},"7":{"loc":{"start":{"line":110,"column":11},"end":{"line":120,"column":5}},"type":"if","locations":[{"start":{"line":110,"column":11},"end":{"line":120,"column":5}},{"start":{"line":112,"column":11},"end":{"line":120,"column":5}}],"line":110},"8":{"loc":{"start":{"line":112,"column":11},"end":{"line":120,"column":5}},"type":"if","locations":[{"start":{"line":112,"column":11},"end":{"line":120,"column":5}},{"start":{"line":114,"column":11},"end":{"line":120,"column":5}}],"line":112},"9":{"loc":{"start":{"line":114,"column":11},"end":{"line":120,"column":5}},"type":"if","locations":[{"start":{"line":114,"column":11},"end":{"line":120,"column":5}},{"start":{"line":116,"column":11},"end":{"line":120,"column":5}}],"line":114},"10":{"loc":{"start":{"line":116,"column":11},"end":{"line":120,"column":5}},"type":"if","locations":[{"start":{"line":116,"column":11},"end":{"line":120,"column":5}},{"start":{"line":118,"column":11},"end":{"line":120,"column":5}}],"line":116},"11":{"loc":{"start":{"line":125,"column":11},"end":{"line":125,"column":73}},"type":"cond-expr","locations":[{"start":{"line":125,"column":52},"end":{"line":125,"column":61}},{"start":{"line":125,"column":64},"end":{"line":125,"column":73}}],"line":125},"12":{"loc":{"start":{"line":129,"column":0},"end":{"line":133,"column":1}},"type":"if","locations":[{"start":{"line":129,"column":0},"end":{"line":133,"column":1}},{"start":{},"end":{}}],"line":129}},"s":{"0":1,"1":1,"2":1,"3":1,"4":1,"5":1,"6":1,"7":1,"8":1,"9":1,"10":1,"11":1,"12":1,"13":0,"14":1,"15":0,"16":0,"17":0,"18":0,"19":0,"20":0,"21":0,"22":1,"23":1,"24":1,"25":1,"26":1,"27":1,"28":1,"29":1,"30":1,"31":1,"32":1,"33":1,"34":0,"35":1,"36":0,"37":0,"38":0,"39":0,"40":0,"41":0,"42":0,"43":0,"44":0,"45":0,"46":0,"47":0,"48":0,"49":0,"50":0,"51":0,"52":0,"53":0,"54":1,"55":0,"56":0},"f":{"0":1,"1":0,"2":0,"3":0,"4":0},"b":{"0":[1,0],"1":[0,0],"2":[0,0],"3":[0,0],"4":[0,0],"5":[0,0],"6":[0,0],"7":[0,0],"8":[0,0],"9":[0,0],"10":[0,0],"11":[0,0],"12":[0,1]},"inputSourceMap":null,"_coverageSchema":"1a1c01bbd47fc00a2c39e90264f33305004495a9","hash":"1ee4ddc7afee9e37ed788a93ff613c5e9046eed2"}
,"/Users/dakoo/Documents/workspace/Appfinanzas/finanzas-backend/src/config/db.js": {"path":"/Users/dakoo/Documents/workspace/Appfinanzas/finanzas-backend/src/config/db.js","statementMap":{"0":{"start":{"line":6,"column":0},"end":{"line":8,"column":1}},"1":{"start":{"line":7,"column":2},"end":{"line":7,"column":41}},"2":{"start":{"line":11,"column":0},"end":{"line":11,"column":16}},"3":{"start":{"line":13,"column":17},"end":{"line":13,"column":19}},"4":{"start":{"line":15,"column":19},"end":{"line":24,"column":1}},"5":{"start":{"line":27,"column":0},"end":{"line":33,"column":1}},"6":{"start":{"line":28,"column":2},"end":{"line":28,"column":57}},"7":{"start":{"line":30,"column":2},"end":{"line":32,"column":3}},"8":{"start":{"line":31,"column":4},"end":{"line":31,"column":51}},"9":{"start":{"line":35,"column":13},"end":{"line":35,"column":33}},"10":{"start":{"line":38,"column":0},"end":{"line":40,"column":3}},"11":{"start":{"line":39,"column":2},"end":{"line":39,"column":87}},"12":{"start":{"line":50,"column":21},"end":{"line":52,"column":1}},"13":{"start":{"line":51,"column":2},"end":{"line":51,"column":34}}},"fnMap":{"0":{"name":"(anonymous_0)","decl":{"start":{"line":38,"column":17},"end":{"line":38,"column":18}},"loc":{"start":{"line":38,"column":26},"end":{"line":40,"column":1}},"line":38},"1":{"name":"(anonymous_1)","decl":{"start":{"line":50,"column":21},"end":{"line":50,"column":22}},"loc":{"start":{"line":50,"column":39},"end":{"line":52,"column":1}},"line":50}},"branchMap":{"0":{"loc":{"start":{"line":6,"column":0},"end":{"line":8,"column":1}},"type":"if","locations":[{"start":{"line":6,"column":0},"end":{"line":8,"column":1}},{"start":{},"end":{}}],"line":6},"1":{"loc":{"start":{"line":18,"column":12},"end":{"line":18,"column":58}},"type":"binary-expr","locations":[{"start":{"line":18,"column":12},"end":{"line":18,"column":31}},{"start":{"line":18,"column":35},"end":{"line":18,"column":58}}],"line":18},"2":{"loc":{"start":{"line":20,"column":17},"end":{"line":20,"column":46}},"type":"binary-expr","locations":[{"start":{"line":20,"column":17},"end":{"line":20,"column":36}},{"start":{"line":20,"column":40},"end":{"line":20,"column":46}}],"line":20},"3":{"loc":{"start":{"line":21,"column":16},"end":{"line":21,"column":54}},"type":"binary-expr","locations":[{"start":{"line":21,"column":16},"end":{"line":21,"column":46}},{"start":{"line":21,"column":50},"end":{"line":21,"column":54}}],"line":21},"4":{"loc":{"start":{"line":27,"column":0},"end":{"line":33,"column":1}},"type":"if","locations":[{"start":{"line":27,"column":0},"end":{"line":33,"column":1}},{"start":{},"end":{}}],"line":27},"5":{"loc":{"start":{"line":30,"column":2},"end":{"line":32,"column":3}},"type":"if","locations":[{"start":{"line":30,"column":2},"end":{"line":32,"column":3}},{"start":{},"end":{}}],"line":30},"6":{"loc":{"start":{"line":30,"column":6},"end":{"line":30,"column":104}},"type":"binary-expr","locations":[{"start":{"line":30,"column":6},"end":{"line":30,"column":53}},{"start":{"line":30,"column":57},"end":{"line":30,"column":104}}],"line":30}},"s":{"0":1,"1":1,"2":1,"3":1,"4":1,"5":1,"6":1,"7":1,"8":1,"9":1,"10":1,"11":0,"12":1,"13":0},"f":{"0":0,"1":0},"b":{"0":[1,0],"1":[1,1],"2":[1,1],"3":[1,1],"4":[1,0],"5":[1,0],"6":[1,1]},"inputSourceMap":null,"_coverageSchema":"1a1c01bbd47fc00a2c39e90264f33305004495a9","hash":"99680bf69c6d9907047230ea50231be94d5fbfb4"}
,"/Users/dakoo/Documents/workspace/Appfinanzas/finanzas-backend/src/config/swagger.js": {"path":"/Users/dakoo/Documents/workspace/Appfinanzas/finanzas-backend/src/config/swagger.js","statementMap":{"0":{"start":{"line":1,"column":24},"end":{"line":1532,"column":1}}},"fnMap":{},"branchMap":{},"s":{"0":1},"f":{},"b":{},"inputSourceMap":null,"_coverageSchema":"1a1c01bbd47fc00a2c39e90264f33305004495a9","hash":"5f0ed0923d40262969e121a2d61291a2b3972f0a"}
,"/Users/dakoo/Documents/workspace/Appfinanzas/finanzas-backend/src/controllers/bankAccountController.js": {"path":"/Users/dakoo/Documents/workspace/Appfinanzas/finanzas-backend/src/controllers/bankAccountController.js","statementMap":{"0":{"start":{"line":6,"column":31},"end":{"line":14,"column":1}},"1":{"start":{"line":7,"column":2},"end":{"line":13,"column":3}},"2":{"start":{"line":8,"column":16},"end":{"line":8,"column":82}},"3":{"start":{"line":9,"column":19},"end":{"line":9,"column":50}},"4":{"start":{"line":10,"column":4},"end":{"line":10,"column":26}},"5":{"start":{"line":12,"column":4},"end":{"line":12,"column":16}},"6":{"start":{"line":19,"column":34},"end":{"line":32,"column":1}},"7":{"start":{"line":20,"column":17},"end":{"line":20,"column":27}},"8":{"start":{"line":21,"column":2},"end":{"line":31,"column":3}},"9":{"start":{"line":22,"column":19},"end":{"line":22,"column":111}},"10":{"start":{"line":23,"column":4},"end":{"line":27,"column":5}},"11":{"start":{"line":24,"column":18},"end":{"line":24,"column":60}},"12":{"start":{"line":25,"column":6},"end":{"line":25,"column":27}},"13":{"start":{"line":26,"column":6},"end":{"line":26,"column":23}},"14":{"start":{"line":28,"column":4},"end":{"line":28,"column":29}},"15":{"start":{"line":30,"column":4},"end":{"line":30,"column":16}},"16":{"start":{"line":37,"column":33},"end":{"line":79,"column":1}},"17":{"start":{"line":38,"column":52},"end":{"line":38,"column":60}},"18":{"start":{"line":41,"column":2},"end":{"line":45,"column":3}},"19":{"start":{"line":42,"column":16},"end":{"line":42,"column":86}},"20":{"start":{"line":43,"column":4},"end":{"line":43,"column":25}},"21":{"start":{"line":44,"column":4},"end":{"line":44,"column":21}},"22":{"start":{"line":48,"column":22},"end":{"line":48,"column":31}},"23":{"start":{"line":49,"column":2},"end":{"line":53,"column":3}},"24":{"start":{"line":50,"column":16},"end":{"line":50,"column":93}},"25":{"start":{"line":51,"column":4},"end":{"line":51,"column":25}},"26":{"start":{"line":52,"column":4},"end":{"line":52,"column":21}},"27":{"start":{"line":55,"column":25},"end":{"line":55,"column":75}},"28":{"start":{"line":56,"column":2},"end":{"line":60,"column":3}},"29":{"start":{"line":57,"column":16},"end":{"line":57,"column":73}},"30":{"start":{"line":58,"column":4},"end":{"line":58,"column":25}},"31":{"start":{"line":59,"column":4},"end":{"line":59,"column":21}},"32":{"start":{"line":62,"column":2},"end":{"line":78,"column":3}},"33":{"start":{"line":63,"column":16},"end":{"line":67,"column":5}},"34":{"start":{"line":68,"column":19},"end":{"line":74,"column":6}},"35":{"start":{"line":75,"column":4},"end":{"line":75,"column":41}},"36":{"start":{"line":77,"column":4},"end":{"line":77,"column":16}},"37":{"start":{"line":84,"column":33},"end":{"line":126,"column":1}},"38":{"start":{"line":85,"column":17},"end":{"line":85,"column":27}},"39":{"start":{"line":86,"column":52},"end":{"line":86,"column":60}},"40":{"start":{"line":88,"column":2},"end":{"line":92,"column":3}},"41":{"start":{"line":89,"column":16},"end":{"line":89,"column":86}},"42":{"start":{"line":90,"column":4},"end":{"line":90,"column":25}},"43":{"start":{"line":91,"column":4},"end":{"line":91,"column":21}},"44":{"start":{"line":94,"column":22},"end":{"line":94,"column":31}},"45":{"start":{"line":95,"column":2},"end":{"line":99,"column":3}},"46":{"start":{"line":96,"column":16},"end":{"line":96,"column":80}},"47":{"start":{"line":97,"column":4},"end":{"line":97,"column":25}},"48":{"start":{"line":98,"column":4},"end":{"line":98,"column":21}},"49":{"start":{"line":101,"column":2},"end":{"line":125,"column":3}},"50":{"start":{"line":102,"column":16},"end":{"line":107,"column":5}},"51":{"start":{"line":108,"column":19},"end":{"line":114,"column":6}},"52":{"start":{"line":116,"column":4},"end":{"line":120,"column":5}},"53":{"start":{"line":117,"column":18},"end":{"line":117,"column":60}},"54":{"start":{"line":118,"column":6},"end":{"line":118,"column":27}},"55":{"start":{"line":119,"column":6},"end":{"line":119,"column":23}},"56":{"start":{"line":122,"column":4},"end":{"line":122,"column":29}},"57":{"start":{"line":124,"column":4},"end":{"line":124,"column":16}},"58":{"start":{"line":131,"column":33},"end":{"line":147,"column":1}},"59":{"start":{"line":132,"column":17},"end":{"line":132,"column":27}},"60":{"start":{"line":133,"column":2},"end":{"line":146,"column":3}},"61":{"start":{"line":134,"column":19},"end":{"line":134,"column":121}},"62":{"start":{"line":135,"column":4},"end":{"line":139,"column":5}},"63":{"start":{"line":136,"column":18},"end":{"line":136,"column":60}},"64":{"start":{"line":137,"column":6},"end":{"line":137,"column":27}},"65":{"start":{"line":138,"column":6},"end":{"line":138,"column":23}},"66":{"start":{"line":140,"column":4},"end":{"line":143,"column":7}},"67":{"start":{"line":145,"column":4},"end":{"line":145,"column":16}}},"fnMap":{"0":{"name":"(anonymous_0)","decl":{"start":{"line":6,"column":31},"end":{"line":6,"column":32}},"loc":{"start":{"line":6,"column":57},"end":{"line":14,"column":1}},"line":6},"1":{"name":"(anonymous_1)","decl":{"start":{"line":19,"column":34},"end":{"line":19,"column":35}},"loc":{"start":{"line":19,"column":60},"end":{"line":32,"column":1}},"line":19},"2":{"name":"(anonymous_2)","decl":{"start":{"line":37,"column":33},"end":{"line":37,"column":34}},"loc":{"start":{"line":37,"column":59},"end":{"line":79,"column":1}},"line":37},"3":{"name":"(anonymous_3)","decl":{"start":{"line":84,"column":33},"end":{"line":84,"column":34}},"loc":{"start":{"line":84,"column":59},"end":{"line":126,"column":1}},"line":84},"4":{"name":"(anonymous_4)","decl":{"start":{"line":131,"column":33},"end":{"line":131,"column":34}},"loc":{"start":{"line":131,"column":59},"end":{"line":147,"column":1}},"line":131}},"branchMap":{"0":{"loc":{"start":{"line":23,"column":4},"end":{"line":27,"column":5}},"type":"if","locations":[{"start":{"line":23,"column":4},"end":{"line":27,"column":5}},{"start":{},"end":{}}],"line":23},"1":{"loc":{"start":{"line":41,"column":2},"end":{"line":45,"column":3}},"type":"if","locations":[{"start":{"line":41,"column":2},"end":{"line":45,"column":3}},{"start":{},"end":{}}],"line":41},"2":{"loc":{"start":{"line":41,"column":6},"end":{"line":41,"column":41}},"type":"binary-expr","locations":[{"start":{"line":41,"column":6},"end":{"line":41,"column":11}},{"start":{"line":41,"column":15},"end":{"line":41,"column":25}},{"start":{"line":41,"column":29},"end":{"line":41,"column":41}}],"line":41},"3":{"loc":{"start":{"line":49,"column":2},"end":{"line":53,"column":3}},"type":"if","locations":[{"start":{"line":49,"column":2},"end":{"line":53,"column":3}},{"start":{},"end":{}}],"line":49},"4":{"loc":{"start":{"line":55,"column":25},"end":{"line":55,"column":75}},"type":"cond-expr","locations":[{"start":{"line":55,"column":49},"end":{"line":55,"column":68}},{"start":{"line":55,"column":71},"end":{"line":55,"column":75}}],"line":55},"5":{"loc":{"start":{"line":56,"column":2},"end":{"line":60,"column":3}},"type":"if","locations":[{"start":{"line":56,"column":2},"end":{"line":60,"column":3}},{"start":{},"end":{}}],"line":56},"6":{"loc":{"start":{"line":88,"column":2},"end":{"line":92,"column":3}},"type":"if","locations":[{"start":{"line":88,"column":2},"end":{"line":92,"column":3}},{"start":{},"end":{}}],"line":88},"7":{"loc":{"start":{"line":88,"column":6},"end":{"line":88,"column":41}},"type":"binary-expr","locations":[{"start":{"line":88,"column":6},"end":{"line":88,"column":11}},{"start":{"line":88,"column":15},"end":{"line":88,"column":25}},{"start":{"line":88,"column":29},"end":{"line":88,"column":41}}],"line":88},"8":{"loc":{"start":{"line":95,"column":2},"end":{"line":99,"column":3}},"type":"if","locations":[{"start":{"line":95,"column":2},"end":{"line":99,"column":3}},{"start":{},"end":{}}],"line":95},"9":{"loc":{"start":{"line":116,"column":4},"end":{"line":120,"column":5}},"type":"if","locations":[{"start":{"line":116,"column":4},"end":{"line":120,"column":5}},{"start":{},"end":{}}],"line":116},"10":{"loc":{"start":{"line":135,"column":4},"end":{"line":139,"column":5}},"type":"if","locations":[{"start":{"line":135,"column":4},"end":{"line":139,"column":5}},{"start":{},"end":{}}],"line":135}},"s":{"0":1,"1":0,"2":0,"3":0,"4":0,"5":0,"6":1,"7":0,"8":0,"9":0,"10":0,"11":0,"12":0,"13":0,"14":0,"15":0,"16":1,"17":0,"18":0,"19":0,"20":0,"21":0,"22":0,"23":0,"24":0,"25":0,"26":0,"27":0,"28":0,"29":0,"30":0,"31":0,"32":0,"33":0,"34":0,"35":0,"36":0,"37":1,"38":0,"39":0,"40":0,"41":0,"42":0,"43":0,"44":0,"45":0,"46":0,"47":0,"48":0,"49":0,"50":0,"51":0,"52":0,"53":0,"54":0,"55":0,"56":0,"57":0,"58":1,"59":0,"60":0,"61":0,"62":0,"63":0,"64":0,"65":0,"66":0,"67":0},"f":{"0":0,"1":0,"2":0,"3":0,"4":0},"b":{"0":[0,0],"1":[0,0],"2":[0,0,0],"3":[0,0],"4":[0,0],"5":[0,0],"6":[0,0],"7":[0,0,0],"8":[0,0],"9":[0,0],"10":[0,0]},"inputSourceMap":null,"_coverageSchema":"1a1c01bbd47fc00a2c39e90264f33305004495a9","hash":"e63acc4ea060b423fda5ba475d532645975ae22a"}
,"/Users/dakoo/Documents/workspace/Appfinanzas/finanzas-backend/src/controllers/budgetController.js": {"path":"/Users/dakoo/Documents/workspace/Appfinanzas/finanzas-backend/src/controllers/budgetController.js","statementMap":{"0":{"start":{"line":6,"column":26},"end":{"line":21,"column":1}},"1":{"start":{"line":7,"column":2},"end":{"line":20,"column":3}},"2":{"start":{"line":8,"column":16},"end":{"line":15,"column":5}},"3":{"start":{"line":16,"column":19},"end":{"line":16,"column":50}},"4":{"start":{"line":17,"column":4},"end":{"line":17,"column":26}},"5":{"start":{"line":19,"column":4},"end":{"line":19,"column":16}},"6":{"start":{"line":26,"column":28},"end":{"line":82,"column":1}},"7":{"start":{"line":27,"column":40},"end":{"line":27,"column":48}},"8":{"start":{"line":30,"column":2},"end":{"line":34,"column":3}},"9":{"start":{"line":31,"column":16},"end":{"line":31,"column":83}},"10":{"start":{"line":32,"column":4},"end":{"line":32,"column":25}},"11":{"start":{"line":33,"column":4},"end":{"line":33,"column":21}},"12":{"start":{"line":36,"column":23},"end":{"line":36,"column":47}},"13":{"start":{"line":37,"column":2},"end":{"line":41,"column":3}},"14":{"start":{"line":38,"column":16},"end":{"line":38,"column":90}},"15":{"start":{"line":39,"column":4},"end":{"line":39,"column":25}},"16":{"start":{"line":40,"column":4},"end":{"line":40,"column":21}},"17":{"start":{"line":43,"column":2},"end":{"line":81,"column":3}},"18":{"start":{"line":45,"column":21},"end":{"line":45,"column":143}},"19":{"start":{"line":46,"column":4},"end":{"line":50,"column":5}},"20":{"start":{"line":47,"column":18},"end":{"line":47,"column":66}},"21":{"start":{"line":48,"column":6},"end":{"line":48,"column":27}},"22":{"start":{"line":49,"column":6},"end":{"line":49,"column":23}},"23":{"start":{"line":52,"column":4},"end":{"line":56,"column":5}},"24":{"start":{"line":53,"column":18},"end":{"line":53,"column":117}},"25":{"start":{"line":54,"column":6},"end":{"line":54,"column":27}},"26":{"start":{"line":55,"column":6},"end":{"line":55,"column":23}},"27":{"start":{"line":59,"column":16},"end":{"line":65,"column":5}},"28":{"start":{"line":66,"column":19},"end":{"line":66,"column":91}},"29":{"start":{"line":67,"column":21},"end":{"line":67,"column":38}},"30":{"start":{"line":70,"column":22},"end":{"line":76,"column":5}},"31":{"start":{"line":77,"column":24},"end":{"line":77,"column":71}},"32":{"start":{"line":78,"column":4},"end":{"line":78,"column":46}},"33":{"start":{"line":80,"column":4},"end":{"line":80,"column":16}},"34":{"start":{"line":87,"column":28},"end":{"line":105,"column":1}},"35":{"start":{"line":88,"column":17},"end":{"line":88,"column":27}},"36":{"start":{"line":90,"column":2},"end":{"line":104,"column":3}},"37":{"start":{"line":91,"column":19},"end":{"line":91,"column":115}},"38":{"start":{"line":92,"column":4},"end":{"line":96,"column":5}},"39":{"start":{"line":93,"column":18},"end":{"line":93,"column":56}},"40":{"start":{"line":94,"column":6},"end":{"line":94,"column":27}},"41":{"start":{"line":95,"column":6},"end":{"line":95,"column":23}},"42":{"start":{"line":98,"column":4},"end":{"line":101,"column":7}},"43":{"start":{"line":103,"column":4},"end":{"line":103,"column":16}}},"fnMap":{"0":{"name":"(anonymous_0)","decl":{"start":{"line":6,"column":26},"end":{"line":6,"column":27}},"loc":{"start":{"line":6,"column":52},"end":{"line":21,"column":1}},"line":6},"1":{"name":"(anonymous_1)","decl":{"start":{"line":26,"column":28},"end":{"line":26,"column":29}},"loc":{"start":{"line":26,"column":54},"end":{"line":82,"column":1}},"line":26},"2":{"name":"(anonymous_2)","decl":{"start":{"line":87,"column":28},"end":{"line":87,"column":29}},"loc":{"start":{"line":87,"column":54},"end":{"line":105,"column":1}},"line":87}},"branchMap":{"0":{"loc":{"start":{"line":30,"column":2},"end":{"line":34,"column":3}},"type":"if","locations":[{"start":{"line":30,"column":2},"end":{"line":34,"column":3}},{"start":{},"end":{}}],"line":30},"1":{"loc":{"start":{"line":30,"column":6},"end":{"line":30,"column":61}},"type":"binary-expr","locations":[{"start":{"line":30,"column":6},"end":{"line":30,"column":31}},{"start":{"line":30,"column":35},"end":{"line":30,"column":61}}],"line":30},"2":{"loc":{"start":{"line":37,"column":2},"end":{"line":41,"column":3}},"type":"if","locations":[{"start":{"line":37,"column":2},"end":{"line":41,"column":3}},{"start":{},"end":{}}],"line":37},"3":{"loc":{"start":{"line":37,"column":6},"end":{"line":37,"column":45}},"type":"binary-expr","locations":[{"start":{"line":37,"column":6},"end":{"line":37,"column":25}},{"start":{"line":37,"column":29},"end":{"line":37,"column":45}}],"line":37},"4":{"loc":{"start":{"line":46,"column":4},"end":{"line":50,"column":5}},"type":"if","locations":[{"start":{"line":46,"column":4},"end":{"line":50,"column":5}},{"start":{},"end":{}}],"line":46},"5":{"loc":{"start":{"line":52,"column":4},"end":{"line":56,"column":5}},"type":"if","locations":[{"start":{"line":52,"column":4},"end":{"line":56,"column":5}},{"start":{},"end":{}}],"line":52},"6":{"loc":{"start":{"line":92,"column":4},"end":{"line":96,"column":5}},"type":"if","locations":[{"start":{"line":92,"column":4},"end":{"line":96,"column":5}},{"start":{},"end":{}}],"line":92}},"s":{"0":1,"1":0,"2":0,"3":0,"4":0,"5":0,"6":1,"7":0,"8":0,"9":0,"10":0,"11":0,"12":0,"13":0,"14":0,"15":0,"16":0,"17":0,"18":0,"19":0,"20":0,"21":0,"22":0,"23":0,"24":0,"25":0,"26":0,"27":0,"28":0,"29":0,"30":0,"31":0,"32":0,"33":0,"34":1,"35":0,"36":0,"37":0,"38":0,"39":0,"40":0,"41":0,"42":0,"43":0},"f":{"0":0,"1":0,"2":0},"b":{"0":[0,0],"1":[0,0],"2":[0,0],"3":[0,0],"4":[0,0],"5":[0,0],"6":[0,0]},"inputSourceMap":null,"_coverageSchema":"1a1c01bbd47fc00a2c39e90264f33305004495a9","hash":"df93feab2c9f2183ef3270bc95fe7b115144598e"}
,"/Users/dakoo/Documents/workspace/Appfinanzas/finanzas-backend/src/controllers/categoryController.js": {"path":"/Users/dakoo/Documents/workspace/Appfinanzas/finanzas-backend/src/controllers/categoryController.js","statementMap":{"0":{"start":{"line":6,"column":29},"end":{"line":16,"column":1}},"1":{"start":{"line":7,"column":2},"end":{"line":15,"column":3}},"2":{"start":{"line":8,"column":19},"end":{"line":11,"column":5}},"3":{"start":{"line":12,"column":4},"end":{"line":12,"column":26}},"4":{"start":{"line":14,"column":4},"end":{"line":14,"column":16}},"5":{"start":{"line":21,"column":30},"end":{"line":57,"column":1}},"6":{"start":{"line":22,"column":38},"end":{"line":22,"column":46}},"7":{"start":{"line":25,"column":2},"end":{"line":29,"column":3}},"8":{"start":{"line":26,"column":16},"end":{"line":26,"column":65}},"9":{"start":{"line":27,"column":4},"end":{"line":27,"column":25}},"10":{"start":{"line":28,"column":4},"end":{"line":28,"column":21}},"11":{"start":{"line":31,"column":2},"end":{"line":35,"column":3}},"12":{"start":{"line":32,"column":16},"end":{"line":32,"column":66}},"13":{"start":{"line":33,"column":4},"end":{"line":33,"column":25}},"14":{"start":{"line":34,"column":4},"end":{"line":34,"column":21}},"15":{"start":{"line":37,"column":2},"end":{"line":56,"column":3}},"16":{"start":{"line":39,"column":16},"end":{"line":43,"column":5}},"17":{"start":{"line":44,"column":19},"end":{"line":44,"column":85}},"18":{"start":{"line":46,"column":19},"end":{"line":46,"column":43}},"19":{"start":{"line":47,"column":4},"end":{"line":47,"column":41}},"20":{"start":{"line":50,"column":4},"end":{"line":54,"column":5}},"21":{"start":{"line":51,"column":18},"end":{"line":51,"column":69}},"22":{"start":{"line":52,"column":6},"end":{"line":52,"column":27}},"23":{"start":{"line":53,"column":6},"end":{"line":53,"column":23}},"24":{"start":{"line":55,"column":4},"end":{"line":55,"column":16}},"25":{"start":{"line":62,"column":30},"end":{"line":104,"column":1}},"26":{"start":{"line":63,"column":17},"end":{"line":63,"column":27}},"27":{"start":{"line":64,"column":38},"end":{"line":64,"column":46}},"28":{"start":{"line":67,"column":2},"end":{"line":71,"column":3}},"29":{"start":{"line":68,"column":16},"end":{"line":68,"column":65}},"30":{"start":{"line":69,"column":4},"end":{"line":69,"column":25}},"31":{"start":{"line":70,"column":4},"end":{"line":70,"column":21}},"32":{"start":{"line":73,"column":2},"end":{"line":77,"column":3}},"33":{"start":{"line":74,"column":16},"end":{"line":74,"column":66}},"34":{"start":{"line":75,"column":4},"end":{"line":75,"column":25}},"35":{"start":{"line":76,"column":4},"end":{"line":76,"column":21}},"36":{"start":{"line":79,"column":2},"end":{"line":103,"column":3}},"37":{"start":{"line":80,"column":16},"end":{"line":85,"column":5}},"38":{"start":{"line":86,"column":19},"end":{"line":86,"column":89}},"39":{"start":{"line":88,"column":19},"end":{"line":88,"column":43}},"40":{"start":{"line":89,"column":4},"end":{"line":93,"column":5}},"41":{"start":{"line":90,"column":18},"end":{"line":90,"column":54}},"42":{"start":{"line":91,"column":6},"end":{"line":91,"column":27}},"43":{"start":{"line":92,"column":6},"end":{"line":92,"column":23}},"44":{"start":{"line":95,"column":4},"end":{"line":95,"column":29}},"45":{"start":{"line":97,"column":4},"end":{"line":101,"column":5}},"46":{"start":{"line":98,"column":18},"end":{"line":98,"column":69}},"47":{"start":{"line":99,"column":6},"end":{"line":99,"column":27}},"48":{"start":{"line":100,"column":6},"end":{"line":100,"column":23}},"49":{"start":{"line":102,"column":4},"end":{"line":102,"column":16}},"50":{"start":{"line":109,"column":30},"end":{"line":130,"column":1}},"51":{"start":{"line":110,"column":17},"end":{"line":110,"column":27}},"52":{"start":{"line":112,"column":2},"end":{"line":129,"column":3}},"53":{"start":{"line":113,"column":19},"end":{"line":116,"column":5}},"54":{"start":{"line":117,"column":4},"end":{"line":121,"column":5}},"55":{"start":{"line":118,"column":18},"end":{"line":118,"column":54}},"56":{"start":{"line":119,"column":6},"end":{"line":119,"column":27}},"57":{"start":{"line":120,"column":6},"end":{"line":120,"column":23}},"58":{"start":{"line":123,"column":4},"end":{"line":126,"column":7}},"59":{"start":{"line":128,"column":4},"end":{"line":128,"column":16}}},"fnMap":{"0":{"name":"(anonymous_0)","decl":{"start":{"line":6,"column":29},"end":{"line":6,"column":30}},"loc":{"start":{"line":6,"column":55},"end":{"line":16,"column":1}},"line":6},"1":{"name":"(anonymous_1)","decl":{"start":{"line":21,"column":30},"end":{"line":21,"column":31}},"loc":{"start":{"line":21,"column":56},"end":{"line":57,"column":1}},"line":21},"2":{"name":"(anonymous_2)","decl":{"start":{"line":62,"column":30},"end":{"line":62,"column":31}},"loc":{"start":{"line":62,"column":56},"end":{"line":104,"column":1}},"line":62},"3":{"name":"(anonymous_3)","decl":{"start":{"line":109,"column":30},"end":{"line":109,"column":31}},"loc":{"start":{"line":109,"column":56},"end":{"line":130,"column":1}},"line":109}},"branchMap":{"0":{"loc":{"start":{"line":25,"column":2},"end":{"line":29,"column":3}},"type":"if","locations":[{"start":{"line":25,"column":2},"end":{"line":29,"column":3}},{"start":{},"end":{}}],"line":25},"1":{"loc":{"start":{"line":25,"column":6},"end":{"line":25,"column":20}},"type":"binary-expr","locations":[{"start":{"line":25,"column":6},"end":{"line":25,"column":11}},{"start":{"line":25,"column":15},"end":{"line":25,"column":20}}],"line":25},"2":{"loc":{"start":{"line":31,"column":2},"end":{"line":35,"column":3}},"type":"if","locations":[{"start":{"line":31,"column":2},"end":{"line":35,"column":3}},{"start":{},"end":{}}],"line":31},"3":{"loc":{"start":{"line":31,"column":6},"end":{"line":31,"column":45}},"type":"binary-expr","locations":[{"start":{"line":31,"column":6},"end":{"line":31,"column":23}},{"start":{"line":31,"column":27},"end":{"line":31,"column":45}}],"line":31},"4":{"loc":{"start":{"line":44,"column":39},"end":{"line":44,"column":51}},"type":"binary-expr","locations":[{"start":{"line":44,"column":39},"end":{"line":44,"column":43}},{"start":{"line":44,"column":47},"end":{"line":44,"column":51}}],"line":44},"5":{"loc":{"start":{"line":44,"column":53},"end":{"line":44,"column":71}},"type":"binary-expr","locations":[{"start":{"line":44,"column":53},"end":{"line":44,"column":58}},{"start":{"line":44,"column":62},"end":{"line":44,"column":71}}],"line":44},"6":{"loc":{"start":{"line":50,"column":4},"end":{"line":54,"column":5}},"type":"if","locations":[{"start":{"line":50,"column":4},"end":{"line":54,"column":5}},{"start":{},"end":{}}],"line":50},"7":{"loc":{"start":{"line":67,"column":2},"end":{"line":71,"column":3}},"type":"if","locations":[{"start":{"line":67,"column":2},"end":{"line":71,"column":3}},{"start":{},"end":{}}],"line":67},"8":{"loc":{"start":{"line":67,"column":6},"end":{"line":67,"column":20}},"type":"binary-expr","locations":[{"start":{"line":67,"column":6},"end":{"line":67,"column":11}},{"start":{"line":67,"column":15},"end":{"line":67,"column":20}}],"line":67},"9":{"loc":{"start":{"line":73,"column":2},"end":{"line":77,"column":3}},"type":"if","locations":[{"start":{"line":73,"column":2},"end":{"line":77,"column":3}},{"start":{},"end":{}}],"line":73},"10":{"loc":{"start":{"line":73,"column":6},"end":{"line":73,"column":45}},"type":"binary-expr","locations":[{"start":{"line":73,"column":6},"end":{"line":73,"column":23}},{"start":{"line":73,"column":27},"end":{"line":73,"column":45}}],"line":73},"11":{"loc":{"start":{"line":86,"column":39},"end":{"line":86,"column":51}},"type":"binary-expr","locations":[{"start":{"line":86,"column":39},"end":{"line":86,"column":43}},{"start":{"line":86,"column":47},"end":{"line":86,"column":51}}],"line":86},"12":{"loc":{"start":{"line":86,"column":53},"end":{"line":86,"column":71}},"type":"binary-expr","locations":[{"start":{"line":86,"column":53},"end":{"line":86,"column":58}},{"start":{"line":86,"column":62},"end":{"line":86,"column":71}}],"line":86},"13":{"loc":{"start":{"line":89,"column":4},"end":{"line":93,"column":5}},"type":"if","locations":[{"start":{"line":89,"column":4},"end":{"line":93,"column":5}},{"start":{},"end":{}}],"line":89},"14":{"loc":{"start":{"line":97,"column":4},"end":{"line":101,"column":5}},"type":"if","locations":[{"start":{"line":97,"column":4},"end":{"line":101,"column":5}},{"start":{},"end":{}}],"line":97},"15":{"loc":{"start":{"line":117,"column":4},"end":{"line":121,"column":5}},"type":"if","locations":[{"start":{"line":117,"column":4},"end":{"line":121,"column":5}},{"start":{},"end":{}}],"line":117}},"s":{"0":1,"1":0,"2":0,"3":0,"4":0,"5":1,"6":0,"7":0,"8":0,"9":0,"10":0,"11":0,"12":0,"13":0,"14":0,"15":0,"16":0,"17":0,"18":0,"19":0,"20":0,"21":0,"22":0,"23":0,"24":0,"25":1,"26":0,"27":0,"28":0,"29":0,"30":0,"31":0,"32":0,"33":0,"34":0,"35":0,"36":0,"37":0,"38":0,"39":0,"40":0,"41":0,"42":0,"43":0,"44":0,"45":0,"46":0,"47":0,"48":0,"49":0,"50":1,"51":0,"52":0,"53":0,"54":0,"55":0,"56":0,"57":0,"58":0,"59":0},"f":{"0":0,"1":0,"2":0,"3":0},"b":{"0":[0,0],"1":[0,0],"2":[0,0],"3":[0,0],"4":[0,0],"5":[0,0],"6":[0,0],"7":[0,0],"8":[0,0],"9":[0,0],"10":[0,0],"11":[0,0],"12":[0,0],"13":[0,0],"14":[0,0],"15":[0,0]},"inputSourceMap":null,"_coverageSchema":"1a1c01bbd47fc00a2c39e90264f33305004495a9","hash":"658cf5e8088faf5d0d5f568ad279e10f5245b8f5"}
,"/Users/dakoo/Documents/workspace/Appfinanzas/finanzas-backend/src/controllers/creditCardController.js": {"path":"/Users/dakoo/Documents/workspace/Appfinanzas/finanzas-backend/src/controllers/creditCardController.js","statementMap":{"0":{"start":{"line":3,"column":21},"end":{"line":3,"column":71}},"1":{"start":{"line":8,"column":30},"end":{"line":16,"column":1}},"2":{"start":{"line":9,"column":2},"end":{"line":15,"column":3}},"3":{"start":{"line":10,"column":16},"end":{"line":10,"column":87}},"4":{"start":{"line":11,"column":19},"end":{"line":11,"column":50}},"5":{"start":{"line":12,"column":4},"end":{"line":12,"column":26}},"6":{"start":{"line":14,"column":4},"end":{"line":14,"column":16}},"7":{"start":{"line":21,"column":33},"end":{"line":34,"column":1}},"8":{"start":{"line":22,"column":17},"end":{"line":22,"column":27}},"9":{"start":{"line":23,"column":2},"end":{"line":33,"column":3}},"10":{"start":{"line":24,"column":19},"end":{"line":24,"column":110}},"11":{"start":{"line":25,"column":4},"end":{"line":29,"column":5}},"12":{"start":{"line":26,"column":18},"end":{"line":26,"column":63}},"13":{"start":{"line":27,"column":6},"end":{"line":27,"column":27}},"14":{"start":{"line":28,"column":6},"end":{"line":28,"column":23}},"15":{"start":{"line":30,"column":4},"end":{"line":30,"column":29}},"16":{"start":{"line":32,"column":4},"end":{"line":32,"column":16}},"17":{"start":{"line":39,"column":32},"end":{"line":91,"column":1}},"18":{"start":{"line":40,"column":72},"end":{"line":40,"column":80}},"19":{"start":{"line":43,"column":2},"end":{"line":47,"column":3}},"20":{"start":{"line":44,"column":16},"end":{"line":44,"column":93}},"21":{"start":{"line":45,"column":4},"end":{"line":45,"column":25}},"22":{"start":{"line":46,"column":4},"end":{"line":46,"column":21}},"23":{"start":{"line":49,"column":2},"end":{"line":53,"column":3}},"24":{"start":{"line":50,"column":16},"end":{"line":50,"column":88}},"25":{"start":{"line":51,"column":4},"end":{"line":51,"column":25}},"26":{"start":{"line":52,"column":4},"end":{"line":52,"column":21}},"27":{"start":{"line":56,"column":22},"end":{"line":56,"column":31}},"28":{"start":{"line":57,"column":2},"end":{"line":61,"column":3}},"29":{"start":{"line":58,"column":16},"end":{"line":58,"column":80}},"30":{"start":{"line":59,"column":4},"end":{"line":59,"column":25}},"31":{"start":{"line":60,"column":4},"end":{"line":60,"column":21}},"32":{"start":{"line":63,"column":25},"end":{"line":63,"column":75}},"33":{"start":{"line":64,"column":2},"end":{"line":68,"column":3}},"34":{"start":{"line":65,"column":16},"end":{"line":65,"column":73}},"35":{"start":{"line":66,"column":4},"end":{"line":66,"column":25}},"36":{"start":{"line":67,"column":4},"end":{"line":67,"column":21}},"37":{"start":{"line":70,"column":26},"end":{"line":70,"column":70}},"38":{"start":{"line":72,"column":2},"end":{"line":90,"column":3}},"39":{"start":{"line":73,"column":16},"end":{"line":77,"column":5}},"40":{"start":{"line":78,"column":19},"end":{"line":86,"column":6}},"41":{"start":{"line":87,"column":4},"end":{"line":87,"column":41}},"42":{"start":{"line":89,"column":4},"end":{"line":89,"column":16}},"43":{"start":{"line":96,"column":32},"end":{"line":156,"column":1}},"44":{"start":{"line":97,"column":17},"end":{"line":97,"column":27}},"45":{"start":{"line":98,"column":72},"end":{"line":98,"column":80}},"46":{"start":{"line":100,"column":2},"end":{"line":104,"column":3}},"47":{"start":{"line":101,"column":16},"end":{"line":101,"column":93}},"48":{"start":{"line":102,"column":4},"end":{"line":102,"column":25}},"49":{"start":{"line":103,"column":4},"end":{"line":103,"column":21}},"50":{"start":{"line":106,"column":2},"end":{"line":110,"column":3}},"51":{"start":{"line":107,"column":16},"end":{"line":107,"column":99}},"52":{"start":{"line":108,"column":4},"end":{"line":108,"column":25}},"53":{"start":{"line":109,"column":4},"end":{"line":109,"column":21}},"54":{"start":{"line":112,"column":22},"end":{"line":112,"column":31}},"55":{"start":{"line":113,"column":2},"end":{"line":117,"column":3}},"56":{"start":{"line":114,"column":16},"end":{"line":114,"column":80}},"57":{"start":{"line":115,"column":4},"end":{"line":115,"column":25}},"58":{"start":{"line":116,"column":4},"end":{"line":116,"column":21}},"59":{"start":{"line":119,"column":25},"end":{"line":119,"column":44}},"60":{"start":{"line":120,"column":2},"end":{"line":124,"column":3}},"61":{"start":{"line":121,"column":16},"end":{"line":121,"column":73}},"62":{"start":{"line":122,"column":4},"end":{"line":122,"column":25}},"63":{"start":{"line":123,"column":4},"end":{"line":123,"column":21}},"64":{"start":{"line":126,"column":26},"end":{"line":126,"column":70}},"65":{"start":{"line":128,"column":2},"end":{"line":155,"column":3}},"66":{"start":{"line":129,"column":16},"end":{"line":134,"column":5}},"67":{"start":{"line":135,"column":19},"end":{"line":144,"column":6}},"68":{"start":{"line":146,"column":4},"end":{"line":150,"column":5}},"69":{"start":{"line":147,"column":18},"end":{"line":147,"column":63}},"70":{"start":{"line":148,"column":6},"end":{"line":148,"column":27}},"71":{"start":{"line":149,"column":6},"end":{"line":149,"column":23}},"72":{"start":{"line":152,"column":4},"end":{"line":152,"column":29}},"73":{"start":{"line":154,"column":4},"end":{"line":154,"column":16}},"74":{"start":{"line":161,"column":32},"end":{"line":177,"column":1}},"75":{"start":{"line":162,"column":17},"end":{"line":162,"column":27}},"76":{"start":{"line":163,"column":2},"end":{"line":176,"column":3}},"77":{"start":{"line":164,"column":19},"end":{"line":164,"column":120}},"78":{"start":{"line":165,"column":4},"end":{"line":169,"column":5}},"79":{"start":{"line":166,"column":18},"end":{"line":166,"column":63}},"80":{"start":{"line":167,"column":6},"end":{"line":167,"column":27}},"81":{"start":{"line":168,"column":6},"end":{"line":168,"column":23}},"82":{"start":{"line":170,"column":4},"end":{"line":173,"column":7}},"83":{"start":{"line":175,"column":4},"end":{"line":175,"column":16}}},"fnMap":{"0":{"name":"(anonymous_0)","decl":{"start":{"line":8,"column":30},"end":{"line":8,"column":31}},"loc":{"start":{"line":8,"column":56},"end":{"line":16,"column":1}},"line":8},"1":{"name":"(anonymous_1)","decl":{"start":{"line":21,"column":33},"end":{"line":21,"column":34}},"loc":{"start":{"line":21,"column":59},"end":{"line":34,"column":1}},"line":21},"2":{"name":"(anonymous_2)","decl":{"start":{"line":39,"column":32},"end":{"line":39,"column":33}},"loc":{"start":{"line":39,"column":58},"end":{"line":91,"column":1}},"line":39},"3":{"name":"(anonymous_3)","decl":{"start":{"line":96,"column":32},"end":{"line":96,"column":33}},"loc":{"start":{"line":96,"column":58},"end":{"line":156,"column":1}},"line":96},"4":{"name":"(anonymous_4)","decl":{"start":{"line":161,"column":32},"end":{"line":161,"column":33}},"loc":{"start":{"line":161,"column":58},"end":{"line":177,"column":1}},"line":161}},"branchMap":{"0":{"loc":{"start":{"line":25,"column":4},"end":{"line":29,"column":5}},"type":"if","locations":[{"start":{"line":25,"column":4},"end":{"line":29,"column":5}},{"start":{},"end":{}}],"line":25},"1":{"loc":{"start":{"line":43,"column":2},"end":{"line":47,"column":3}},"type":"if","locations":[{"start":{"line":43,"column":2},"end":{"line":47,"column":3}},{"start":{},"end":{}}],"line":43},"2":{"loc":{"start":{"line":43,"column":6},"end":{"line":43,"column":51}},"type":"binary-expr","locations":[{"start":{"line":43,"column":6},"end":{"line":43,"column":16}},{"start":{"line":43,"column":20},"end":{"line":43,"column":25}},{"start":{"line":43,"column":29},"end":{"line":43,"column":35}},{"start":{"line":43,"column":39},"end":{"line":43,"column":51}}],"line":43},"3":{"loc":{"start":{"line":49,"column":2},"end":{"line":53,"column":3}},"type":"if","locations":[{"start":{"line":49,"column":2},"end":{"line":53,"column":3}},{"start":{},"end":{}}],"line":49},"4":{"loc":{"start":{"line":57,"column":2},"end":{"line":61,"column":3}},"type":"if","locations":[{"start":{"line":57,"column":2},"end":{"line":61,"column":3}},{"start":{},"end":{}}],"line":57},"5":{"loc":{"start":{"line":63,"column":25},"end":{"line":63,"column":75}},"type":"cond-expr","locations":[{"start":{"line":63,"column":49},"end":{"line":63,"column":68}},{"start":{"line":63,"column":71},"end":{"line":63,"column":75}}],"line":63},"6":{"loc":{"start":{"line":64,"column":2},"end":{"line":68,"column":3}},"type":"if","locations":[{"start":{"line":64,"column":2},"end":{"line":68,"column":3}},{"start":{},"end":{}}],"line":64},"7":{"loc":{"start":{"line":70,"column":26},"end":{"line":70,"column":70}},"type":"cond-expr","locations":[{"start":{"line":70,"column":40},"end":{"line":70,"column":58}},{"start":{"line":70,"column":61},"end":{"line":70,"column":70}}],"line":70},"8":{"loc":{"start":{"line":100,"column":2},"end":{"line":104,"column":3}},"type":"if","locations":[{"start":{"line":100,"column":2},"end":{"line":104,"column":3}},{"start":{},"end":{}}],"line":100},"9":{"loc":{"start":{"line":100,"column":6},"end":{"line":100,"column":51}},"type":"binary-expr","locations":[{"start":{"line":100,"column":6},"end":{"line":100,"column":16}},{"start":{"line":100,"column":20},"end":{"line":100,"column":25}},{"start":{"line":100,"column":29},"end":{"line":100,"column":35}},{"start":{"line":100,"column":39},"end":{"line":100,"column":51}}],"line":100},"10":{"loc":{"start":{"line":106,"column":2},"end":{"line":110,"column":3}},"type":"if","locations":[{"start":{"line":106,"column":2},"end":{"line":110,"column":3}},{"start":{},"end":{}}],"line":106},"11":{"loc":{"start":{"line":113,"column":2},"end":{"line":117,"column":3}},"type":"if","locations":[{"start":{"line":113,"column":2},"end":{"line":117,"column":3}},{"start":{},"end":{}}],"line":113},"12":{"loc":{"start":{"line":120,"column":2},"end":{"line":124,"column":3}},"type":"if","locations":[{"start":{"line":120,"column":2},"end":{"line":124,"column":3}},{"start":{},"end":{}}],"line":120},"13":{"loc":{"start":{"line":126,"column":26},"end":{"line":126,"column":70}},"type":"cond-expr","locations":[{"start":{"line":126,"column":40},"end":{"line":126,"column":58}},{"start":{"line":126,"column":61},"end":{"line":126,"column":70}}],"line":126},"14":{"loc":{"start":{"line":146,"column":4},"end":{"line":150,"column":5}},"type":"if","locations":[{"start":{"line":146,"column":4},"end":{"line":150,"column":5}},{"start":{},"end":{}}],"line":146},"15":{"loc":{"start":{"line":165,"column":4},"end":{"line":169,"column":5}},"type":"if","locations":[{"start":{"line":165,"column":4},"end":{"line":169,"column":5}},{"start":{},"end":{}}],"line":165}},"s":{"0":1,"1":1,"2":0,"3":0,"4":0,"5":0,"6":0,"7":1,"8":0,"9":0,"10":0,"11":0,"12":0,"13":0,"14":0,"15":0,"16":0,"17":1,"18":0,"19":0,"20":0,"21":0,"22":0,"23":0,"24":0,"25":0,"26":0,"27":0,"28":0,"29":0,"30":0,"31":0,"32":0,"33":0,"34":0,"35":0,"36":0,"37":0,"38":0,"39":0,"40":0,"41":0,"42":0,"43":1,"44":0,"45":0,"46":0,"47":0,"48":0,"49":0,"50":0,"51":0,"52":0,"53":0,"54":0,"55":0,"56":0,"57":0,"58":0,"59":0,"60":0,"61":0,"62":0,"63":0,"64":0,"65":0,"66":0,"67":0,"68":0,"69":0,"70":0,"71":0,"72":0,"73":0,"74":1,"75":0,"76":0,"77":0,"78":0,"79":0,"80":0,"81":0,"82":0,"83":0},"f":{"0":0,"1":0,"2":0,"3":0,"4":0},"b":{"0":[0,0],"1":[0,0],"2":[0,0,0,0],"3":[0,0],"4":[0,0],"5":[0,0],"6":[0,0],"7":[0,0],"8":[0,0],"9":[0,0,0,0],"10":[0,0],"11":[0,0],"12":[0,0],"13":[0,0],"14":[0,0],"15":[0,0]},"inputSourceMap":null,"_coverageSchema":"1a1c01bbd47fc00a2c39e90264f33305004495a9","hash":"47f32ee197bae8cabdc0d423890571bccb6e438d"}
,"/Users/dakoo/Documents/workspace/Appfinanzas/finanzas-backend/src/controllers/dashboardController.js": {"path":"/Users/dakoo/Documents/workspace/Appfinanzas/finanzas-backend/src/controllers/dashboardController.js","statementMap":{"0":{"start":{"line":6,"column":32},"end":{"line":110,"column":1}},"1":{"start":{"line":7,"column":2},"end":{"line":109,"column":3}},"2":{"start":{"line":8,"column":26},"end":{"line":8,"column":35}},"3":{"start":{"line":10,"column":21},"end":{"line":10,"column":23}},"4":{"start":{"line":11,"column":26},"end":{"line":11,"column":47}},"5":{"start":{"line":13,"column":4},"end":{"line":29,"column":5}},"6":{"start":{"line":14,"column":6},"end":{"line":14,"column":69}},"7":{"start":{"line":15,"column":6},"end":{"line":15,"column":45}},"8":{"start":{"line":16,"column":11},"end":{"line":29,"column":5}},"9":{"start":{"line":17,"column":6},"end":{"line":17,"column":70}},"10":{"start":{"line":18,"column":6},"end":{"line":18,"column":46}},"11":{"start":{"line":19,"column":11},"end":{"line":29,"column":5}},"12":{"start":{"line":20,"column":6},"end":{"line":20,"column":68}},"13":{"start":{"line":21,"column":6},"end":{"line":21,"column":47}},"14":{"start":{"line":22,"column":11},"end":{"line":29,"column":5}},"15":{"start":{"line":23,"column":6},"end":{"line":23,"column":22}},"16":{"start":{"line":24,"column":6},"end":{"line":24,"column":46}},"17":{"start":{"line":27,"column":6},"end":{"line":27,"column":70}},"18":{"start":{"line":28,"column":6},"end":{"line":28,"column":46}},"19":{"start":{"line":32,"column":25},"end":{"line":47,"column":5}},"20":{"start":{"line":48,"column":26},"end":{"line":48,"column":66}},"21":{"start":{"line":49,"column":59},"end":{"line":49,"column":80}},"22":{"start":{"line":50,"column":20},"end":{"line":50,"column":73}},"23":{"start":{"line":53,"column":34},"end":{"line":67,"column":5}},"24":{"start":{"line":68,"column":35},"end":{"line":68,"column":84}},"25":{"start":{"line":71,"column":32},"end":{"line":87,"column":5}},"26":{"start":{"line":88,"column":33},"end":{"line":88,"column":80}},"27":{"start":{"line":90,"column":4},"end":{"line":106,"column":7}},"28":{"start":{"line":97,"column":66},"end":{"line":100,"column":7}},"29":{"start":{"line":101,"column":60},"end":{"line":105,"column":7}},"30":{"start":{"line":108,"column":4},"end":{"line":108,"column":16}}},"fnMap":{"0":{"name":"(anonymous_0)","decl":{"start":{"line":6,"column":32},"end":{"line":6,"column":33}},"loc":{"start":{"line":6,"column":58},"end":{"line":110,"column":1}},"line":6},"1":{"name":"(anonymous_1)","decl":{"start":{"line":97,"column":58},"end":{"line":97,"column":59}},"loc":{"start":{"line":97,"column":66},"end":{"line":100,"column":7}},"line":97},"2":{"name":"(anonymous_2)","decl":{"start":{"line":101,"column":52},"end":{"line":101,"column":53}},"loc":{"start":{"line":101,"column":60},"end":{"line":105,"column":7}},"line":101}},"branchMap":{"0":{"loc":{"start":{"line":13,"column":4},"end":{"line":29,"column":5}},"type":"if","locations":[{"start":{"line":13,"column":4},"end":{"line":29,"column":5}},{"start":{"line":16,"column":11},"end":{"line":29,"column":5}}],"line":13},"1":{"loc":{"start":{"line":16,"column":11},"end":{"line":29,"column":5}},"type":"if","locations":[{"start":{"line":16,"column":11},"end":{"line":29,"column":5}},{"start":{"line":19,"column":11},"end":{"line":29,"column":5}}],"line":16},"2":{"loc":{"start":{"line":19,"column":11},"end":{"line":29,"column":5}},"type":"if","locations":[{"start":{"line":19,"column":11},"end":{"line":29,"column":5}},{"start":{"line":22,"column":11},"end":{"line":29,"column":5}}],"line":19},"3":{"loc":{"start":{"line":22,"column":11},"end":{"line":29,"column":5}},"type":"if","locations":[{"start":{"line":22,"column":11},"end":{"line":29,"column":5}},{"start":{"line":25,"column":11},"end":{"line":29,"column":5}}],"line":22},"4":{"loc":{"start":{"line":95,"column":32},"end":{"line":95,"column":49}},"type":"binary-expr","locations":[{"start":{"line":95,"column":32},"end":{"line":95,"column":44}},{"start":{"line":95,"column":48},"end":{"line":95,"column":49}}],"line":95}},"s":{"0":1,"1":0,"2":0,"3":0,"4":0,"5":0,"6":0,"7":0,"8":0,"9":0,"10":0,"11":0,"12":0,"13":0,"14":0,"15":0,"16":0,"17":0,"18":0,"19":0,"20":0,"21":0,"22":0,"23":0,"24":0,"25":0,"26":0,"27":0,"28":0,"29":0,"30":0},"f":{"0":0,"1":0,"2":0},"b":{"0":[0,0],"1":[0,0],"2":[0,0],"3":[0,0],"4":[0,0]},"inputSourceMap":null,"_coverageSchema":"1a1c01bbd47fc00a2c39e90264f33305004495a9","hash":"df28e5149a7e710c8ecf4fe4894e727475e3a08e"}
,"/Users/dakoo/Documents/workspace/Appfinanzas/finanzas-backend/src/controllers/importController.js": {"path":"/Users/dakoo/Documents/workspace/Appfinanzas/finanzas-backend/src/controllers/importController.js","statementMap":{"0":{"start":{"line":2,"column":16},"end":{"line":2,"column":46}},"1":{"start":{"line":3,"column":12},"end":{"line":3,"column":32}},"2":{"start":{"line":11,"column":25},"end":{"line":41,"column":1}},"3":{"start":{"line":12,"column":2},"end":{"line":12,"column":27}},"4":{"start":{"line":12,"column":18},"end":{"line":12,"column":27}},"5":{"start":{"line":15,"column":14},"end":{"line":15,"column":46}},"6":{"start":{"line":19,"column":2},"end":{"line":37,"column":3}},"7":{"start":{"line":21,"column":4},"end":{"line":26,"column":5}},"8":{"start":{"line":22,"column":6},"end":{"line":22,"column":57}},"9":{"start":{"line":25,"column":6},"end":{"line":25,"column":38}},"10":{"start":{"line":27,"column":9},"end":{"line":37,"column":3}},"11":{"start":{"line":31,"column":18},"end":{"line":31,"column":34}},"12":{"start":{"line":32,"column":4},"end":{"line":36,"column":5}},"13":{"start":{"line":33,"column":6},"end":{"line":33,"column":38}},"14":{"start":{"line":35,"column":6},"end":{"line":35,"column":38}},"15":{"start":{"line":39,"column":14},"end":{"line":39,"column":31}},"16":{"start":{"line":40,"column":2},"end":{"line":40,"column":30}},"17":{"start":{"line":47,"column":18},"end":{"line":88,"column":1}},"18":{"start":{"line":48,"column":2},"end":{"line":48,"column":62}},"19":{"start":{"line":48,"column":16},"end":{"line":48,"column":62}},"20":{"start":{"line":50,"column":22},"end":{"line":50,"column":46}},"21":{"start":{"line":51,"column":20},"end":{"line":54,"column":3}},"22":{"start":{"line":56,"column":14},"end":{"line":56,"column":42}},"23":{"start":{"line":59,"column":17},"end":{"line":59,"column":73}},"24":{"start":{"line":60,"column":2},"end":{"line":68,"column":3}},"25":{"start":{"line":61,"column":14},"end":{"line":61,"column":40}},"26":{"start":{"line":62,"column":16},"end":{"line":62,"column":42}},"27":{"start":{"line":63,"column":15},"end":{"line":63,"column":24}},"28":{"start":{"line":64,"column":4},"end":{"line":66,"column":5}},"29":{"start":{"line":65,"column":6},"end":{"line":65,"column":25}},"30":{"start":{"line":67,"column":4},"end":{"line":67,"column":37}},"31":{"start":{"line":71,"column":17},"end":{"line":71,"column":58}},"32":{"start":{"line":72,"column":2},"end":{"line":76,"column":3}},"33":{"start":{"line":73,"column":14},"end":{"line":73,"column":40}},"34":{"start":{"line":74,"column":16},"end":{"line":74,"column":42}},"35":{"start":{"line":75,"column":4},"end":{"line":75,"column":44}},"36":{"start":{"line":79,"column":17},"end":{"line":79,"column":110}},"37":{"start":{"line":80,"column":2},"end":{"line":85,"column":3}},"38":{"start":{"line":81,"column":14},"end":{"line":81,"column":40}},"39":{"start":{"line":82,"column":20},"end":{"line":82,"column":29}},"40":{"start":{"line":83,"column":16},"end":{"line":83,"column":44}},"41":{"start":{"line":84,"column":4},"end":{"line":84,"column":44}},"42":{"start":{"line":87,"column":2},"end":{"line":87,"column":48}},"43":{"start":{"line":93,"column":26},"end":{"line":148,"column":1}},"44":{"start":{"line":94,"column":15},"end":{"line":94,"column":40}},"45":{"start":{"line":96,"column":21},"end":{"line":138,"column":3}},"46":{"start":{"line":140,"column":2},"end":{"line":146,"column":3}},"47":{"start":{"line":141,"column":4},"end":{"line":145,"column":5}},"48":{"start":{"line":141,"column":28},"end":{"line":141,"column":45}},"49":{"start":{"line":143,"column":22},"end":{"line":143,"column":124}},"50":{"start":{"line":143,"column":43},"end":{"line":143,"column":123}},"51":{"start":{"line":144,"column":6},"end":{"line":144,"column":37}},"52":{"start":{"line":144,"column":19},"end":{"line":144,"column":37}},"53":{"start":{"line":147,"column":2},"end":{"line":147,"column":14}},"54":{"start":{"line":153,"column":33},"end":{"line":560,"column":1}},"55":{"start":{"line":154,"column":2},"end":{"line":158,"column":3}},"56":{"start":{"line":155,"column":16},"end":{"line":155,"column":63}},"57":{"start":{"line":156,"column":4},"end":{"line":156,"column":25}},"58":{"start":{"line":157,"column":4},"end":{"line":157,"column":21}},"59":{"start":{"line":160,"column":2},"end":{"line":559,"column":3}},"60":{"start":{"line":162,"column":19},"end":{"line":162,"column":68}},"61":{"start":{"line":163,"column":4},"end":{"line":163,"column":24}},"62":{"start":{"line":164,"column":19},"end":{"line":164,"column":41}},"63":{"start":{"line":165,"column":17},"end":{"line":165,"column":28}},"64":{"start":{"line":168,"column":15},"end":{"line":168,"column":28}},"65":{"start":{"line":169,"column":4},"end":{"line":169,"column":54}},"66":{"start":{"line":172,"column":19},"end":{"line":172,"column":93}},"67":{"start":{"line":173,"column":4},"end":{"line":173,"column":54}},"68":{"start":{"line":174,"column":4},"end":{"line":174,"column":54}},"69":{"start":{"line":178,"column":4},"end":{"line":185,"column":5}},"70":{"start":{"line":179,"column":6},"end":{"line":179,"column":131}},"71":{"start":{"line":180,"column":6},"end":{"line":180,"column":98}},"72":{"start":{"line":182,"column":6},"end":{"line":182,"column":62}},"73":{"start":{"line":183,"column":6},"end":{"line":183,"column":61}},"74":{"start":{"line":184,"column":6},"end":{"line":184,"column":18}},"75":{"start":{"line":186,"column":23},"end":{"line":186,"column":44}},"76":{"start":{"line":188,"column":28},"end":{"line":188,"column":158}},"77":{"start":{"line":188,"column":49},"end":{"line":188,"column":111}},"78":{"start":{"line":188,"column":137},"end":{"line":188,"column":157}},"79":{"start":{"line":189,"column":27},"end":{"line":189,"column":155}},"80":{"start":{"line":189,"column":48},"end":{"line":189,"column":109}},"81":{"start":{"line":189,"column":135},"end":{"line":189,"column":154}},"82":{"start":{"line":191,"column":4},"end":{"line":191,"column":72}},"83":{"start":{"line":192,"column":4},"end":{"line":192,"column":70}},"84":{"start":{"line":194,"column":32},"end":{"line":200,"column":5}},"85":{"start":{"line":195,"column":6},"end":{"line":199,"column":7}},"86":{"start":{"line":196,"column":8},"end":{"line":196,"column":107}},"87":{"start":{"line":198,"column":8},"end":{"line":198,"column":110}},"88":{"start":{"line":198,"column":75},"end":{"line":198,"column":94}},"89":{"start":{"line":202,"column":31},"end":{"line":202,"column":33}},"90":{"start":{"line":204,"column":29},"end":{"line":209,"column":5}},"91":{"start":{"line":205,"column":6},"end":{"line":208,"column":16}},"92":{"start":{"line":211,"column":4},"end":{"line":533,"column":5}},"93":{"start":{"line":212,"column":20},"end":{"line":212,"column":54}},"94":{"start":{"line":213,"column":6},"end":{"line":433,"column":7}},"95":{"start":{"line":215,"column":22},"end":{"line":215,"column":38}},"96":{"start":{"line":216,"column":24},"end":{"line":216,"column":28}},"97":{"start":{"line":217,"column":26},"end":{"line":217,"column":60}},"98":{"start":{"line":219,"column":24},"end":{"line":222,"column":9}},"99":{"start":{"line":220,"column":10},"end":{"line":220,"column":33}},"100":{"start":{"line":220,"column":20},"end":{"line":220,"column":33}},"101":{"start":{"line":221,"column":10},"end":{"line":221,"column":100}},"102":{"start":{"line":224,"column":8},"end":{"line":316,"column":9}},"103":{"start":{"line":224,"column":21},"end":{"line":224,"column":22}},"104":{"start":{"line":225,"column":26},"end":{"line":225,"column":34}},"105":{"start":{"line":226,"column":23},"end":{"line":226,"column":37}},"106":{"start":{"line":227,"column":10},"end":{"line":227,"column":30}},"107":{"start":{"line":227,"column":21},"end":{"line":227,"column":30}},"108":{"start":{"line":230,"column":10},"end":{"line":243,"column":11}},"109":{"start":{"line":242,"column":12},"end":{"line":242,"column":21}},"110":{"start":{"line":245,"column":26},"end":{"line":245,"column":64}},"111":{"start":{"line":245,"column":55},"end":{"line":245,"column":63}},"112":{"start":{"line":246,"column":10},"end":{"line":246,"column":45}},"113":{"start":{"line":246,"column":36},"end":{"line":246,"column":45}},"114":{"start":{"line":248,"column":28},"end":{"line":248,"column":75}},"115":{"start":{"line":249,"column":29},"end":{"line":252,"column":65}},"116":{"start":{"line":254,"column":10},"end":{"line":315,"column":11}},"117":{"start":{"line":255,"column":12},"end":{"line":255,"column":29}},"118":{"start":{"line":256,"column":28},"end":{"line":256,"column":40}},"119":{"start":{"line":257,"column":31},"end":{"line":257,"column":49}},"120":{"start":{"line":259,"column":12},"end":{"line":283,"column":13}},"121":{"start":{"line":260,"column":31},"end":{"line":260,"column":76}},"122":{"start":{"line":261,"column":32},"end":{"line":261,"column":77}},"123":{"start":{"line":262,"column":29},"end":{"line":262,"column":45}},"124":{"start":{"line":263,"column":30},"end":{"line":263,"column":46}},"125":{"start":{"line":264,"column":34},"end":{"line":264,"column":63}},"126":{"start":{"line":266,"column":27},"end":{"line":266,"column":63}},"127":{"start":{"line":267,"column":32},"end":{"line":267,"column":68}},"128":{"start":{"line":268,"column":34},"end":{"line":268,"column":72}},"129":{"start":{"line":270,"column":14},"end":{"line":276,"column":17}},"130":{"start":{"line":278,"column":14},"end":{"line":282,"column":16}},"131":{"start":{"line":285,"column":12},"end":{"line":314,"column":13}},"132":{"start":{"line":286,"column":14},"end":{"line":313,"column":15}},"133":{"start":{"line":287,"column":33},"end":{"line":287,"column":78}},"134":{"start":{"line":288,"column":34},"end":{"line":288,"column":79}},"135":{"start":{"line":289,"column":38},"end":{"line":289,"column":91}},"136":{"start":{"line":290,"column":16},"end":{"line":292,"column":17}},"137":{"start":{"line":291,"column":18},"end":{"line":291,"column":57}},"138":{"start":{"line":294,"column":36},"end":{"line":294,"column":103}},"139":{"start":{"line":295,"column":29},"end":{"line":295,"column":65}},"140":{"start":{"line":296,"column":34},"end":{"line":296,"column":70}},"141":{"start":{"line":297,"column":36},"end":{"line":297,"column":74}},"142":{"start":{"line":299,"column":16},"end":{"line":305,"column":19}},"143":{"start":{"line":307,"column":16},"end":{"line":307,"column":33}},"144":{"start":{"line":309,"column":34},"end":{"line":309,"column":58}},"145":{"start":{"line":310,"column":16},"end":{"line":312,"column":17}},"146":{"start":{"line":311,"column":18},"end":{"line":311,"column":53}},"147":{"start":{"line":319,"column":22},"end":{"line":319,"column":38}},"148":{"start":{"line":320,"column":24},"end":{"line":320,"column":28}},"149":{"start":{"line":321,"column":26},"end":{"line":321,"column":60}},"150":{"start":{"line":323,"column":8},"end":{"line":432,"column":9}},"151":{"start":{"line":323,"column":21},"end":{"line":323,"column":22}},"152":{"start":{"line":324,"column":26},"end":{"line":324,"column":34}},"153":{"start":{"line":325,"column":23},"end":{"line":325,"column":37}},"154":{"start":{"line":326,"column":10},"end":{"line":326,"column":30}},"155":{"start":{"line":326,"column":21},"end":{"line":326,"column":30}},"156":{"start":{"line":329,"column":10},"end":{"line":340,"column":11}},"157":{"start":{"line":339,"column":12},"end":{"line":339,"column":21}},"158":{"start":{"line":342,"column":26},"end":{"line":342,"column":64}},"159":{"start":{"line":342,"column":55},"end":{"line":342,"column":63}},"160":{"start":{"line":343,"column":28},"end":{"line":343,"column":75}},"161":{"start":{"line":345,"column":10},"end":{"line":431,"column":11}},"162":{"start":{"line":346,"column":12},"end":{"line":346,"column":29}},"163":{"start":{"line":348,"column":28},"end":{"line":348,"column":40}},"164":{"start":{"line":349,"column":31},"end":{"line":349,"column":49}},"165":{"start":{"line":351,"column":30},"end":{"line":351,"column":73}},"166":{"start":{"line":352,"column":30},"end":{"line":352,"column":99}},"167":{"start":{"line":354,"column":36},"end":{"line":354,"column":38}},"168":{"start":{"line":355,"column":12},"end":{"line":359,"column":15}},"169":{"start":{"line":356,"column":14},"end":{"line":358,"column":15}},"170":{"start":{"line":357,"column":16},"end":{"line":357,"column":42}},"171":{"start":{"line":361,"column":12},"end":{"line":389,"column":13}},"172":{"start":{"line":362,"column":32},"end":{"line":362,"column":54}},"173":{"start":{"line":363,"column":33},"end":{"line":363,"column":55}},"174":{"start":{"line":365,"column":32},"end":{"line":365,"column":50}},"175":{"start":{"line":366,"column":33},"end":{"line":366,"column":52}},"176":{"start":{"line":368,"column":14},"end":{"line":382,"column":15}},"177":{"start":{"line":369,"column":34},"end":{"line":369,"column":61}},"178":{"start":{"line":370,"column":34},"end":{"line":370,"column":57}},"179":{"start":{"line":371,"column":29},"end":{"line":371,"column":61}},"180":{"start":{"line":373,"column":36},"end":{"line":373,"column":74}},"181":{"start":{"line":375,"column":16},"end":{"line":381,"column":19}},"182":{"start":{"line":384,"column":14},"end":{"line":388,"column":16}},"183":{"start":{"line":391,"column":12},"end":{"line":430,"column":13}},"184":{"start":{"line":392,"column":38},"end":{"line":392,"column":40}},"185":{"start":{"line":393,"column":14},"end":{"line":397,"column":17}},"186":{"start":{"line":394,"column":16},"end":{"line":396,"column":17}},"187":{"start":{"line":395,"column":18},"end":{"line":395,"column":44}},"188":{"start":{"line":399,"column":14},"end":{"line":429,"column":15}},"189":{"start":{"line":400,"column":34},"end":{"line":400,"column":56}},"190":{"start":{"line":401,"column":35},"end":{"line":401,"column":57}},"191":{"start":{"line":403,"column":34},"end":{"line":403,"column":52}},"192":{"start":{"line":404,"column":35},"end":{"line":404,"column":54}},"193":{"start":{"line":406,"column":16},"end":{"line":423,"column":17}},"194":{"start":{"line":407,"column":36},"end":{"line":407,"column":63}},"195":{"start":{"line":408,"column":36},"end":{"line":408,"column":59}},"196":{"start":{"line":409,"column":31},"end":{"line":409,"column":63}},"197":{"start":{"line":410,"column":38},"end":{"line":410,"column":74}},"198":{"start":{"line":412,"column":38},"end":{"line":412,"column":76}},"199":{"start":{"line":414,"column":18},"end":{"line":420,"column":21}},"200":{"start":{"line":422,"column":18},"end":{"line":422,"column":35}},"201":{"start":{"line":425,"column":33},"end":{"line":425,"column":57}},"202":{"start":{"line":426,"column":16},"end":{"line":428,"column":17}},"203":{"start":{"line":427,"column":18},"end":{"line":427,"column":60}},"204":{"start":{"line":436,"column":20},"end":{"line":436,"column":36}},"205":{"start":{"line":437,"column":22},"end":{"line":437,"column":26}},"206":{"start":{"line":440,"column":33},"end":{"line":440,"column":75}},"207":{"start":{"line":441,"column":33},"end":{"line":441,"column":60}},"208":{"start":{"line":442,"column":33},"end":{"line":442,"column":114}},"209":{"start":{"line":445,"column":37},"end":{"line":445,"column":131}},"210":{"start":{"line":446,"column":32},"end":{"line":446,"column":127}},"211":{"start":{"line":448,"column":28},"end":{"line":453,"column":7}},"212":{"start":{"line":449,"column":8},"end":{"line":451,"column":9}},"213":{"start":{"line":450,"column":10},"end":{"line":450,"column":27}},"214":{"start":{"line":452,"column":8},"end":{"line":452,"column":24}},"215":{"start":{"line":455,"column":6},"end":{"line":532,"column":7}},"216":{"start":{"line":456,"column":21},"end":{"line":456,"column":35}},"217":{"start":{"line":459,"column":8},"end":{"line":459,"column":28}},"218":{"start":{"line":459,"column":19},"end":{"line":459,"column":28}},"219":{"start":{"line":460,"column":8},"end":{"line":470,"column":9}},"220":{"start":{"line":469,"column":10},"end":{"line":469,"column":19}},"221":{"start":{"line":473,"column":26},"end":{"line":473,"column":124}},"222":{"start":{"line":475,"column":8},"end":{"line":531,"column":9}},"223":{"start":{"line":476,"column":10},"end":{"line":476,"column":27}},"224":{"start":{"line":478,"column":26},"end":{"line":478,"column":38}},"225":{"start":{"line":479,"column":29},"end":{"line":479,"column":47}},"226":{"start":{"line":480,"column":32},"end":{"line":480,"column":69}},"227":{"start":{"line":482,"column":30},"end":{"line":482,"column":73}},"228":{"start":{"line":484,"column":10},"end":{"line":505,"column":11}},"229":{"start":{"line":485,"column":30},"end":{"line":485,"column":44}},"230":{"start":{"line":486,"column":30},"end":{"line":486,"column":57}},"231":{"start":{"line":487,"column":32},"end":{"line":487,"column":111}},"232":{"start":{"line":489,"column":25},"end":{"line":489,"column":60}},"233":{"start":{"line":490,"column":32},"end":{"line":490,"column":70}},"234":{"start":{"line":492,"column":12},"end":{"line":498,"column":15}},"235":{"start":{"line":500,"column":12},"end":{"line":504,"column":14}},"236":{"start":{"line":507,"column":10},"end":{"line":530,"column":11}},"237":{"start":{"line":508,"column":32},"end":{"line":508,"column":61}},"238":{"start":{"line":510,"column":12},"end":{"line":529,"column":13}},"239":{"start":{"line":511,"column":32},"end":{"line":511,"column":46}},"240":{"start":{"line":512,"column":32},"end":{"line":512,"column":59}},"241":{"start":{"line":513,"column":34},"end":{"line":513,"column":77}},"242":{"start":{"line":515,"column":27},"end":{"line":515,"column":62}},"243":{"start":{"line":516,"column":34},"end":{"line":516,"column":72}},"244":{"start":{"line":518,"column":14},"end":{"line":524,"column":17}},"245":{"start":{"line":526,"column":14},"end":{"line":526,"column":31}},"246":{"start":{"line":528,"column":14},"end":{"line":528,"column":52}},"247":{"start":{"line":536,"column":33},"end":{"line":540,"column":6}},"248":{"start":{"line":537,"column":19},"end":{"line":537,"column":54}},"249":{"start":{"line":538,"column":23},"end":{"line":538,"column":74}},"250":{"start":{"line":539,"column":6},"end":{"line":539,"column":53}},"251":{"start":{"line":539,"column":34},"end":{"line":539,"column":51}},"252":{"start":{"line":543,"column":4},"end":{"line":543,"column":77}},"253":{"start":{"line":543,"column":40},"end":{"line":543,"column":75}},"254":{"start":{"line":545,"column":4},"end":{"line":545,"column":81}},"255":{"start":{"line":546,"column":4},"end":{"line":546,"column":80}},"256":{"start":{"line":547,"column":4},"end":{"line":547,"column":85}},"257":{"start":{"line":548,"column":4},"end":{"line":548,"column":84}},"258":{"start":{"line":549,"column":4},"end":{"line":549,"column":59}},"259":{"start":{"line":551,"column":4},"end":{"line":555,"column":7}},"260":{"start":{"line":558,"column":4},"end":{"line":558,"column":16}},"261":{"start":{"line":566,"column":38},"end":{"line":641,"column":1}},"262":{"start":{"line":567,"column":27},"end":{"line":567,"column":35}},"263":{"start":{"line":569,"column":2},"end":{"line":573,"column":3}},"264":{"start":{"line":570,"column":16},"end":{"line":570,"column":77}},"265":{"start":{"line":571,"column":4},"end":{"line":571,"column":25}},"266":{"start":{"line":572,"column":4},"end":{"line":572,"column":21}},"267":{"start":{"line":575,"column":2},"end":{"line":640,"column":3}},"268":{"start":{"line":577,"column":4},"end":{"line":596,"column":5}},"269":{"start":{"line":578,"column":6},"end":{"line":582,"column":7}},"270":{"start":{"line":579,"column":20},"end":{"line":579,"column":105}},"271":{"start":{"line":580,"column":8},"end":{"line":580,"column":29}},"272":{"start":{"line":581,"column":8},"end":{"line":581,"column":25}},"273":{"start":{"line":584,"column":24},"end":{"line":584,"column":44}},"274":{"start":{"line":585,"column":6},"end":{"line":589,"column":7}},"275":{"start":{"line":586,"column":20},"end":{"line":586,"column":89}},"276":{"start":{"line":587,"column":8},"end":{"line":587,"column":29}},"277":{"start":{"line":588,"column":8},"end":{"line":588,"column":25}},"278":{"start":{"line":591,"column":6},"end":{"line":595,"column":7}},"279":{"start":{"line":592,"column":20},"end":{"line":592,"column":70}},"280":{"start":{"line":593,"column":8},"end":{"line":593,"column":29}},"281":{"start":{"line":594,"column":8},"end":{"line":594,"column":25}},"282":{"start":{"line":599,"column":4},"end":{"line":599,"column":25}},"283":{"start":{"line":601,"column":33},"end":{"line":601,"column":35}},"284":{"start":{"line":603,"column":4},"end":{"line":621,"column":5}},"285":{"start":{"line":604,"column":18},"end":{"line":608,"column":7}},"286":{"start":{"line":609,"column":21},"end":{"line":617,"column":7}},"287":{"start":{"line":619,"column":21},"end":{"line":619,"column":45}},"288":{"start":{"line":620,"column":6},"end":{"line":620,"column":48}},"289":{"start":{"line":624,"column":4},"end":{"line":624,"column":26}},"290":{"start":{"line":626,"column":4},"end":{"line":630,"column":7}},"291":{"start":{"line":634,"column":4},"end":{"line":638,"column":5}},"292":{"start":{"line":635,"column":6},"end":{"line":635,"column":30}},"293":{"start":{"line":637,"column":6},"end":{"line":637,"column":66}},"294":{"start":{"line":639,"column":4},"end":{"line":639,"column":16}}},"fnMap":{"0":{"name":"(anonymous_0)","decl":{"start":{"line":11,"column":25},"end":{"line":11,"column":26}},"loc":{"start":{"line":11,"column":40},"end":{"line":41,"column":1}},"line":11},"1":{"name":"(anonymous_1)","decl":{"start":{"line":47,"column":18},"end":{"line":47,"column":19}},"loc":{"start":{"line":47,"column":31},"end":{"line":88,"column":1}},"line":47},"2":{"name":"(anonymous_2)","decl":{"start":{"line":93,"column":26},"end":{"line":93,"column":27}},"loc":{"start":{"line":93,"column":55},"end":{"line":148,"column":1}},"line":93},"3":{"name":"(anonymous_3)","decl":{"start":{"line":141,"column":22},"end":{"line":141,"column":23}},"loc":{"start":{"line":141,"column":28},"end":{"line":141,"column":45}},"line":141},"4":{"name":"(anonymous_4)","decl":{"start":{"line":143,"column":38},"end":{"line":143,"column":39}},"loc":{"start":{"line":143,"column":43},"end":{"line":143,"column":123}},"line":143},"5":{"name":"(anonymous_5)","decl":{"start":{"line":153,"column":33},"end":{"line":153,"column":34}},"loc":{"start":{"line":153,"column":59},"end":{"line":560,"column":1}},"line":153},"6":{"name":"(anonymous_6)","decl":{"start":{"line":188,"column":44},"end":{"line":188,"column":45}},"loc":{"start":{"line":188,"column":49},"end":{"line":188,"column":111}},"line":188},"7":{"name":"(anonymous_7)","decl":{"start":{"line":188,"column":132},"end":{"line":188,"column":133}},"loc":{"start":{"line":188,"column":137},"end":{"line":188,"column":157}},"line":188},"8":{"name":"(anonymous_8)","decl":{"start":{"line":189,"column":43},"end":{"line":189,"column":44}},"loc":{"start":{"line":189,"column":48},"end":{"line":189,"column":109}},"line":189},"9":{"name":"(anonymous_9)","decl":{"start":{"line":189,"column":130},"end":{"line":189,"column":131}},"loc":{"start":{"line":189,"column":135},"end":{"line":189,"column":154}},"line":189},"10":{"name":"(anonymous_10)","decl":{"start":{"line":194,"column":32},"end":{"line":194,"column":33}},"loc":{"start":{"line":194,"column":55},"end":{"line":200,"column":5}},"line":194},"11":{"name":"(anonymous_11)","decl":{"start":{"line":198,"column":70},"end":{"line":198,"column":71}},"loc":{"start":{"line":198,"column":75},"end":{"line":198,"column":94}},"line":198},"12":{"name":"(anonymous_12)","decl":{"start":{"line":204,"column":29},"end":{"line":204,"column":30}},"loc":{"start":{"line":204,"column":39},"end":{"line":209,"column":5}},"line":204},"13":{"name":"(anonymous_13)","decl":{"start":{"line":219,"column":24},"end":{"line":219,"column":25}},"loc":{"start":{"line":219,"column":33},"end":{"line":222,"column":9}},"line":219},"14":{"name":"(anonymous_14)","decl":{"start":{"line":245,"column":50},"end":{"line":245,"column":51}},"loc":{"start":{"line":245,"column":55},"end":{"line":245,"column":63}},"line":245},"15":{"name":"(anonymous_15)","decl":{"start":{"line":342,"column":50},"end":{"line":342,"column":51}},"loc":{"start":{"line":342,"column":55},"end":{"line":342,"column":63}},"line":342},"16":{"name":"(anonymous_16)","decl":{"start":{"line":355,"column":28},"end":{"line":355,"column":29}},"loc":{"start":{"line":355,"column":42},"end":{"line":359,"column":13}},"line":355},"17":{"name":"(anonymous_17)","decl":{"start":{"line":393,"column":30},"end":{"line":393,"column":31}},"loc":{"start":{"line":393,"column":44},"end":{"line":397,"column":15}},"line":393},"18":{"name":"(anonymous_18)","decl":{"start":{"line":448,"column":28},"end":{"line":448,"column":29}},"loc":{"start":{"line":448,"column":57},"end":{"line":453,"column":7}},"line":448},"19":{"name":"(anonymous_19)","decl":{"start":{"line":536,"column":59},"end":{"line":536,"column":60}},"loc":{"start":{"line":536,"column":64},"end":{"line":540,"column":5}},"line":536},"20":{"name":"(anonymous_20)","decl":{"start":{"line":539,"column":28},"end":{"line":539,"column":29}},"loc":{"start":{"line":539,"column":34},"end":{"line":539,"column":51}},"line":539},"21":{"name":"(anonymous_21)","decl":{"start":{"line":543,"column":30},"end":{"line":543,"column":31}},"loc":{"start":{"line":543,"column":40},"end":{"line":543,"column":75}},"line":543},"22":{"name":"(anonymous_22)","decl":{"start":{"line":566,"column":38},"end":{"line":566,"column":39}},"loc":{"start":{"line":566,"column":64},"end":{"line":641,"column":1}},"line":566}},"branchMap":{"0":{"loc":{"start":{"line":12,"column":2},"end":{"line":12,"column":27}},"type":"if","locations":[{"start":{"line":12,"column":2},"end":{"line":12,"column":27}},{"start":{},"end":{}}],"line":12},"1":{"loc":{"start":{"line":19,"column":2},"end":{"line":37,"column":3}},"type":"if","locations":[{"start":{"line":19,"column":2},"end":{"line":37,"column":3}},{"start":{"line":27,"column":9},"end":{"line":37,"column":3}}],"line":19},"2":{"loc":{"start":{"line":19,"column":6},"end":{"line":19,"column":48}},"type":"binary-expr","locations":[{"start":{"line":19,"column":6},"end":{"line":19,"column":25}},{"start":{"line":19,"column":29},"end":{"line":19,"column":48}}],"line":19},"3":{"loc":{"start":{"line":21,"column":4},"end":{"line":26,"column":5}},"type":"if","locations":[{"start":{"line":21,"column":4},"end":{"line":26,"column":5}},{"start":{"line":23,"column":11},"end":{"line":26,"column":5}}],"line":21},"4":{"loc":{"start":{"line":27,"column":9},"end":{"line":37,"column":3}},"type":"if","locations":[{"start":{"line":27,"column":9},"end":{"line":37,"column":3}},{"start":{},"end":{}}],"line":27},"5":{"loc":{"start":{"line":32,"column":4},"end":{"line":36,"column":5}},"type":"if","locations":[{"start":{"line":32,"column":4},"end":{"line":36,"column":5}},{"start":{"line":34,"column":11},"end":{"line":36,"column":5}}],"line":32},"6":{"loc":{"start":{"line":40,"column":9},"end":{"line":40,"column":29}},"type":"cond-expr","locations":[{"start":{"line":40,"column":22},"end":{"line":40,"column":23}},{"start":{"line":40,"column":26},"end":{"line":40,"column":29}}],"line":40},"7":{"loc":{"start":{"line":48,"column":2},"end":{"line":48,"column":62}},"type"
[...]
":4},"end":{"line":42,"column":5}},{"start":{},"end":{}}],"line":39},"5":{"loc":{"start":{"line":45,"column":4},"end":{"line":48,"column":5}},"type":"if","locations":[{"start":{"line":45,"column":4},"end":{"line":48,"column":5}},{"start":{},"end":{}}],"line":45},"6":{"loc":{"start":{"line":67,"column":2},"end":{"line":71,"column":3}},"type":"if","locations":[{"start":{"line":67,"column":2},"end":{"line":71,"column":3}},{"start":{},"end":{}}],"line":67},"7":{"loc":{"start":{"line":67,"column":6},"end":{"line":67,"column":51}},"type":"binary-expr","locations":[{"start":{"line":67,"column":6},"end":{"line":67,"column":26}},{"start":{"line":67,"column":30},"end":{"line":67,"column":42}},{"start":{"line":67,"column":46},"end":{"line":67,"column":51}}],"line":67},"8":{"loc":{"start":{"line":74,"column":2},"end":{"line":78,"column":3}},"type":"if","locations":[{"start":{"line":74,"column":2},"end":{"line":78,"column":3}},{"start":{},"end":{}}],"line":74},"9":{"loc":{"start":{"line":74,"column":6},"end":{"line":74,"column":48}},"type":"binary-expr","locations":[{"start":{"line":74,"column":6},"end":{"line":74,"column":26}},{"start":{"line":74,"column":30},"end":{"line":74,"column":48}}],"line":74},"10":{"loc":{"start":{"line":80,"column":2},"end":{"line":84,"column":3}},"type":"if","locations":[{"start":{"line":80,"column":2},"end":{"line":84,"column":3}},{"start":{},"end":{}}],"line":80},"11":{"loc":{"start":{"line":80,"column":6},"end":{"line":80,"column":45}},"type":"binary-expr","locations":[{"start":{"line":80,"column":6},"end":{"line":80,"column":23}},{"start":{"line":80,"column":27},"end":{"line":80,"column":45}}],"line":80},"12":{"loc":{"start":{"line":88,"column":4},"end":{"line":101,"column":5}},"type":"if","locations":[{"start":{"line":88,"column":4},"end":{"line":101,"column":5}},{"start":{},"end":{}}],"line":88},"13":{"loc":{"start":{"line":90,"column":6},"end":{"line":94,"column":7}},"type":"if","locations":[{"start":{"line":90,"column":6},"end":{"line":94,"column":7}},{"start":{},"end":{}}],"line":90},"14":{"loc":{"start":{"line":96,"column":6},"end":{"line":100,"column":7}},"type":"if","locations":[{"start":{"line":96,"column":6},"end":{"line":100,"column":7}},{"start":{},"end":{}}],"line":96},"15":{"loc":{"start":{"line":104,"column":4},"end":{"line":111,"column":5}},"type":"if","locations":[{"start":{"line":104,"column":4},"end":{"line":111,"column":5}},{"start":{},"end":{}}],"line":104},"16":{"loc":{"start":{"line":106,"column":6},"end":{"line":110,"column":7}},"type":"if","locations":[{"start":{"line":106,"column":6},"end":{"line":110,"column":7}},{"start":{},"end":{}}],"line":106},"17":{"loc":{"start":{"line":123,"column":6},"end":{"line":123,"column":18}},"type":"binary-expr","locations":[{"start":{"line":123,"column":6},"end":{"line":123,"column":10}},{"start":{"line":123,"column":14},"end":{"line":123,"column":18}}],"line":123},"18":{"loc":{"start":{"line":124,"column":6},"end":{"line":124,"column":25}},"type":"binary-expr","locations":[{"start":{"line":124,"column":6},"end":{"line":124,"column":17}},{"start":{"line":124,"column":21},"end":{"line":124,"column":25}}],"line":124},"19":{"loc":{"start":{"line":125,"column":6},"end":{"line":125,"column":29}},"type":"binary-expr","locations":[{"start":{"line":125,"column":6},"end":{"line":125,"column":21}},{"start":{"line":125,"column":25},"end":{"line":125,"column":29}}],"line":125},"20":{"loc":{"start":{"line":158,"column":4},"end":{"line":162,"column":5}},"type":"if","locations":[{"start":{"line":158,"column":4},"end":{"line":162,"column":5}},{"start":{},"end":{}}],"line":158},"21":{"loc":{"start":{"line":179,"column":4},"end":{"line":186,"column":5}},"type":"if","locations":[{"start":{"line":179,"column":4},"end":{"line":186,"column":5}},{"start":{},"end":{}}],"line":179},"22":{"loc":{"start":{"line":179,"column":8},"end":{"line":179,"column":57}},"type":"binary-expr","locations":[{"start":{"line":179,"column":8},"end":{"line":179,"column":33}},{"start":{"line":179,"column":37},"end":{"line":179,"column":57}}],"line":179},"23":{"loc":{"start":{"line":181,"column":6},"end":{"line":185,"column":7}},"type":"if","locations":[{"start":{"line":181,"column":6},"end":{"line":185,"column":7}},{"start":{},"end":{}}],"line":181},"24":{"loc":{"start":{"line":189,"column":4},"end":{"line":196,"column":5}},"type":"if","locations":[{"start":{"line":189,"column":4},"end":{"line":196,"column":5}},{"start":{},"end":{}}],"line":189},"25":{"loc":{"start":{"line":189,"column":8},"end":{"line":189,"column":65}},"type":"binary-expr","locations":[{"start":{"line":189,"column":8},"end":{"line":189,"column":37}},{"start":{"line":189,"column":41},"end":{"line":189,"column":65}}],"line":189},"26":{"loc":{"start":{"line":191,"column":6},"end":{"line":195,"column":7}},"type":"if","locations":[{"start":{"line":191,"column":6},"end":{"line":195,"column":7}},{"start":{},"end":{}}],"line":191},"27":{"loc":{"start":{"line":202,"column":4},"end":{"line":205,"column":5}},"type":"if","locations":[{"start":{"line":202,"column":4},"end":{"line":205,"column":5}},{"start":{},"end":{}}],"line":202},"28":{"loc":{"start":{"line":203,"column":18},"end":{"line":203,"column":37}},"type":"binary-expr","locations":[{"start":{"line":203,"column":18},"end":{"line":203,"column":29}},{"start":{"line":203,"column":33},"end":{"line":203,"column":37}}],"line":203},"29":{"loc":{"start":{"line":207,"column":4},"end":{"line":211,"column":5}},"type":"if","locations":[{"start":{"line":207,"column":4},"end":{"line":211,"column":5}},{"start":{},"end":{}}],"line":207},"30":{"loc":{"start":{"line":208,"column":6},"end":{"line":208,"column":40}},"type":"if","locations":[{"start":{"line":208,"column":6},"end":{"line":208,"column":40}},{"start":{},"end":{}}],"line":208},"31":{"loc":{"start":{"line":209,"column":18},"end":{"line":209,"column":41}},"type":"binary-expr","locations":[{"start":{"line":209,"column":18},"end":{"line":209,"column":33}},{"start":{"line":209,"column":37},"end":{"line":209,"column":41}}],"line":209},"32":{"loc":{"start":{"line":214,"column":4},"end":{"line":218,"column":5}},"type":"if","locations":[{"start":{"line":214,"column":4},"end":{"line":218,"column":5}},{"start":{},"end":{}}],"line":214},"33":{"loc":{"start":{"line":226,"column":4},"end":{"line":230,"column":5}},"type":"if","locations":[{"start":{"line":226,"column":4},"end":{"line":230,"column":5}},{"start":{},"end":{}}],"line":226}},"s":{"0":1,"1":0,"2":0,"3":0,"4":0,"5":0,"6":0,"7":0,"8":0,"9":0,"10":0,"11":0,"12":0,"13":0,"14":0,"15":0,"16":0,"17":0,"18":0,"19":0,"20":0,"21":0,"22":0,"23":0,"24":0,"25":1,"26":0,"27":0,"28":0,"29":0,"30":0,"31":0,"32":0,"33":0,"34":0,"35":0,"36":0,"37":0,"38":0,"39":0,"40":0,"41":0,"42":0,"43":0,"44":0,"45":0,"46":0,"47":0,"48":0,"49":0,"50":0,"51":0,"52":0,"53":0,"54":0,"55":0,"56":0,"57":0,"58":0,"59":0,"60":0,"61":0,"62":0,"63":0,"64":1,"65":0,"66":0,"67":0,"68":0,"69":0,"70":0,"71":0,"72":0,"73":0,"74":1,"75":0,"76":0,"77":0,"78":0,"79":0,"80":0,"81":0,"82":0,"83":0,"84":0,"85":0,"86":0,"87":0,"88":0,"89":0,"90":0,"91":0,"92":0,"93":0,"94":0,"95":0,"96":0,"97":0,"98":0,"99":0,"100":0,"101":0,"102":0,"103":0,"104":0,"105":0,"106":0,"107":0,"108":0,"109":0,"110":0,"111":0,"112":0,"113":0,"114":0,"115":1,"116":0,"117":0,"118":0,"119":0,"120":1,"121":0,"122":0,"123":0,"124":0,"125":0,"126":0,"127":0,"128":0,"129":0,"130":0,"131":0,"132":0,"133":0,"134":0,"135":0,"136":0,"137":0,"138":0},"f":{"0":0,"1":0,"2":0,"3":0,"4":0,"5":0},"b":{"0":[0,0],"1":[0,0],"2":[0,0],"3":[0,0],"4":[0,0],"5":[0,0],"6":[0,0],"7":[0,0,0],"8":[0,0],"9":[0,0],"10":[0,0],"11":[0,0],"12":[0,0],"13":[0,0],"14":[0,0],"15":[0,0],"16":[0,0],"17":[0,0],"18":[0,0],"19":[0,0],"20":[0,0],"21":[0,0],"22":[0,0],"23":[0,0],"24":[0,0],"25":[0,0],"26":[0,0],"27":[0,0],"28":[0,0],"29":[0,0],"30":[0,0],"31":[0,0],"32":[0,0],"33":[0,0]},"inputSourceMap":null,"_coverageSchema":"1a1c01bbd47fc00a2c39e90264f33305004495a9","hash":"5091121c60909bb39880c45fe7e9f9625f57e741"}
,"/Users/dakoo/Documents/workspace/Appfinanzas/finanzas-backend/src/middlewares/authMiddleware.js": {"path":"/Users/dakoo/Documents/workspace/Appfinanzas/finanzas-backend/src/middlewares/authMiddleware.js","statementMap":{"0":{"start":{"line":4,"column":0},"end":{"line":4,"column":16}},"1":{"start":{"line":6,"column":17},"end":{"line":9,"column":1}},"2":{"start":{"line":14,"column":27},"end":{"line":37,"column":1}},"3":{"start":{"line":15,"column":21},"end":{"line":15,"column":46}},"4":{"start":{"line":16,"column":2},"end":{"line":18,"column":3}},"5":{"start":{"line":17,"column":4},"end":{"line":17,"column":104}},"6":{"start":{"line":20,"column":16},"end":{"line":20,"column":40}},"7":{"start":{"line":22,"column":2},"end":{"line":36,"column":3}},"8":{"start":{"line":24,"column":38},"end":{"line":24,"column":72}},"9":{"start":{"line":26,"column":4},"end":{"line":28,"column":5}},"10":{"start":{"line":27,"column":6},"end":{"line":27,"column":74}},"11":{"start":{"line":31,"column":4},"end":{"line":31,"column":20}},"12":{"start":{"line":32,"column":4},"end":{"line":32,"column":11}},"13":{"start":{"line":34,"column":4},"end":{"line":34,"column":59}},"14":{"start":{"line":35,"column":4},"end":{"line":35,"column":88}}},"fnMap":{"0":{"name":"(anonymous_0)","decl":{"start":{"line":14,"column":27},"end":{"line":14,"column":28}},"loc":{"start":{"line":14,"column":53},"end":{"line":37,"column":1}},"line":14}},"branchMap":{"0":{"loc":{"start":{"line":7,"column":2},"end":{"line":7,"column":54}},"type":"binary-expr","locations":[{"start":{"line":7,"column":2},"end":{"line":7,"column":26}},{"start":{"line":7,"column":30},"end":{"line":7,"column":54}}],"line":7},"1":{"loc":{"start":{"line":8,"column":2},"end":{"line":8,"column":37}},"type":"binary-expr","locations":[{"start":{"line":8,"column":2},"end":{"line":8,"column":31}},{"start":{"line":8,"column":35},"end":{"line":8,"column":37}}],"line":8},"2":{"loc":{"start":{"line":16,"column":2},"end":{"line":18,"column":3}},"type":"if","locations":[{"start":{"line":16,"column":2},"end":{"line":18,"column":3}},{"start":{},"end":{}}],"line":16},"3":{"loc":{"start":{"line":16,"column":6},"end":{"line":16,"column":54}},"type":"binary-expr","locations":[{"start":{"line":16,"column":6},"end":{"line":16,"column":17}},{"start":{"line":16,"column":21},"end":{"line":16,"column":54}}],"line":16},"4":{"loc":{"start":{"line":26,"column":4},"end":{"line":28,"column":5}},"type":"if","locations":[{"start":{"line":26,"column":4},"end":{"line":28,"column":5}},{"start":{},"end":{}}],"line":26},"5":{"loc":{"start":{"line":26,"column":8},"end":{"line":26,"column":22}},"type":"binary-expr","locations":[{"start":{"line":26,"column":8},"end":{"line":26,"column":13}},{"start":{"line":26,"column":17},"end":{"line":26,"column":22}}],"line":26}},"s":{"0":1,"1":1,"2":1,"3":0,"4":0,"5":0,"6":0,"7":0,"8":0,"9":0,"10":0,"11":0,"12":0,"13":0,"14":0},"f":{"0":0},"b":{"0":[1,0],"1":[1,0],"2":[0,0],"3":[0,0],"4":[0,0],"5":[0,0]},"inputSourceMap":null,"_coverageSchema":"1a1c01bbd47fc00a2c39e90264f33305004495a9","hash":"29b3f74a473babf0b80570f6a8557eee0a6928d6"}
,"/Users/dakoo/Documents/workspace/Appfinanzas/finanzas-backend/src/routes/bankAccountRoutes.js": {"path":"/Users/dakoo/Documents/workspace/Appfinanzas/finanzas-backend/src/routes/bankAccountRoutes.js","statementMap":{"0":{"start":{"line":10,"column":15},"end":{"line":10,"column":23}},"1":{"start":{"line":13,"column":0},"end":{"line":13,"column":33}},"2":{"start":{"line":14,"column":0},"end":{"line":14,"column":39}},"3":{"start":{"line":15,"column":0},"end":{"line":15,"column":36}},"4":{"start":{"line":16,"column":0},"end":{"line":16,"column":38}},"5":{"start":{"line":17,"column":0},"end":{"line":17,"column":41}}},"fnMap":{},"branchMap":{},"s":{"0":1,"1":1,"2":1,"3":1,"4":1,"5":1},"f":{},"b":{},"inputSourceMap":null,"_coverageSchema":"1a1c01bbd47fc00a2c39e90264f33305004495a9","hash":"0191771371f5b58e6e5dd91deab7ebfaeff4d582"}
,"/Users/dakoo/Documents/workspace/Appfinanzas/finanzas-backend/src/routes/budgetRoutes.js": {"path":"/Users/dakoo/Documents/workspace/Appfinanzas/finanzas-backend/src/routes/budgetRoutes.js","statementMap":{"0":{"start":{"line":4,"column":15},"end":{"line":4,"column":23}},"1":{"start":{"line":7,"column":0},"end":{"line":7,"column":28}},"2":{"start":{"line":8,"column":0},"end":{"line":8,"column":31}},"3":{"start":{"line":9,"column":0},"end":{"line":9,"column":36}}},"fnMap":{},"branchMap":{},"s":{"0":1,"1":1,"2":1,"3":1},"f":{},"b":{},"inputSourceMap":null,"_coverageSchema":"1a1c01bbd47fc00a2c39e90264f33305004495a9","hash":"c9af0e38dda678b46893a9092e03657fd7ad7f9b"}
,"/Users/dakoo/Documents/workspace/Appfinanzas/finanzas-backend/src/routes/categoryRoutes.js": {"path":"/Users/dakoo/Documents/workspace/Appfinanzas/finanzas-backend/src/routes/categoryRoutes.js","statementMap":{"0":{"start":{"line":9,"column":15},"end":{"line":9,"column":23}},"1":{"start":{"line":12,"column":0},"end":{"line":12,"column":31}},"2":{"start":{"line":13,"column":0},"end":{"line":13,"column":33}},"3":{"start":{"line":14,"column":0},"end":{"line":14,"column":35}},"4":{"start":{"line":15,"column":0},"end":{"line":15,"column":38}}},"fnMap":{},"branchMap":{},"s":{"0":1,"1":1,"2":1,"3":1,"4":1},"f":{},"b":{},"inputSourceMap":null,"_coverageSchema":"1a1c01bbd47fc00a2c39e90264f33305004495a9","hash":"5addc87b89cd2fdd4e85fa879894f36cf3e3bbf7"}
,"/Users/dakoo/Documents/workspace/Appfinanzas/finanzas-backend/src/routes/creditCardRoutes.js": {"path":"/Users/dakoo/Documents/workspace/Appfinanzas/finanzas-backend/src/routes/creditCardRoutes.js","statementMap":{"0":{"start":{"line":10,"column":15},"end":{"line":10,"column":23}},"1":{"start":{"line":13,"column":0},"end":{"line":13,"column":32}},"2":{"start":{"line":14,"column":0},"end":{"line":14,"column":38}},"3":{"start":{"line":15,"column":0},"end":{"line":15,"column":35}},"4":{"start":{"line":16,"column":0},"end":{"line":16,"column":37}},"5":{"start":{"line":17,"column":0},"end":{"line":17,"column":40}}},"fnMap":{},"branchMap":{},"s":{"0":1,"1":1,"2":1,"3":1,"4":1,"5":1},"f":{},"b":{},"inputSourceMap":null,"_coverageSchema":"1a1c01bbd47fc00a2c39e90264f33305004495a9","hash":"8a834c9d0462189afb481c63b6753a82edca02b5"}
,"/Users/dakoo/Documents/workspace/Appfinanzas/finanzas-backend/src/routes/dashboardRoutes.js": {"path":"/Users/dakoo/Documents/workspace/Appfinanzas/finanzas-backend/src/routes/dashboardRoutes.js","statementMap":{"0":{"start":{"line":4,"column":15},"end":{"line":4,"column":23}},"1":{"start":{"line":7,"column":0},"end":{"line":7,"column":34}}},"fnMap":{},"branchMap":{},"s":{"0":1,"1":1},"f":{},"b":{},"inputSourceMap":null,"_coverageSchema":"1a1c01bbd47fc00a2c39e90264f33305004495a9","hash":"fee12b17360d39fd663001bd111f5f8b9ef88931"}
,"/Users/dakoo/Documents/workspace/Appfinanzas/finanzas-backend/src/routes/importRoutes.js": {"path":"/Users/dakoo/Documents/workspace/Appfinanzas/finanzas-backend/src/routes/importRoutes.js","statementMap":{"0":{"start":{"line":5,"column":15},"end":{"line":5,"column":31}},"1":{"start":{"line":8,"column":15},"end":{"line":20,"column":2}},"2":{"start":{"line":14,"column":4},"end":{"line":18,"column":5}},"3":{"start":{"line":15,"column":6},"end":{"line":15,"column":21}},"4":{"start":{"line":17,"column":6},"end":{"line":17,"column":89}},"5":{"start":{"line":23,"column":0},"end":{"line":23,"column":69}},"6":{"start":{"line":26,"column":0},"end":{"line":26,"column":45}}},"fnMap":{"0":{"name":"(anonymous_0)","decl":{"start":{"line":13,"column":14},"end":{"line":13,"column":15}},"loc":{"start":{"line":13,"column":33},"end":{"line":19,"column":3}},"line":13}},"branchMap":{"0":{"loc":{"start":{"line":14,"column":4},"end":{"line":18,"column":5}},"type":"if","locations":[{"start":{"line":14,"column":4},"end":{"line":18,"column":5}},{"start":{"line":16,"column":11},"end":{"line":18,"column":5}}],"line":14}},"s":{"0":1,"1":1,"2":0,"3":0,"4":0,"5":1,"6":1},"f":{"0":0},"b":{"0":[0,0]},"inputSourceMap":null,"_coverageSchema":"1a1c01bbd47fc00a2c39e90264f33305004495a9","hash":"a700994f734146a63c78b3a8deb13967f0d63a91"}
,"/Users/dakoo/Documents/workspace/Appfinanzas/finanzas-backend/src/routes/investmentRoutes.js": {"path":"/Users/dakoo/Documents/workspace/Appfinanzas/finanzas-backend/src/routes/investmentRoutes.js","statementMap":{"0":{"start":{"line":12,"column":15},"end":{"line":12,"column":23}},"1":{"start":{"line":15,"column":0},"end":{"line":15,"column":32}},"2":{"start":{"line":16,"column":0},"end":{"line":16,"column":38}},"3":{"start":{"line":17,"column":0},"end":{"line":17,"column":35}},"4":{"start":{"line":18,"column":0},"end":{"line":18,"column":37}},"5":{"start":{"line":19,"column":0},"end":{"line":19,"column":40}},"6":{"start":{"line":20,"column":0},"end":{"line":20,"column":57}},"7":{"start":{"line":21,"column":0},"end":{"line":21,"column":63}}},"fnMap":{},"branchMap":{},"s":{"0":1,"1":1,"2":1,"3":1,"4":1,"5":1,"6":1,"7":1},"f":{},"b":{},"inputSourceMap":null,"_coverageSchema":"1a1c01bbd47fc00a2c39e90264f33305004495a9","hash":"36725292cddbf4e906f6affff584d38b270d3817"}
,"/Users/dakoo/Documents/workspace/Appfinanzas/finanzas-backend/src/routes/profileRoutes.js": {"path":"/Users/dakoo/Documents/workspace/Appfinanzas/finanzas-backend/src/routes/profileRoutes.js","statementMap":{"0":{"start":{"line":4,"column":15},"end":{"line":4,"column":31}},"1":{"start":{"line":6,"column":0},"end":{"line":6,"column":28}},"2":{"start":{"line":7,"column":0},"end":{"line":7,"column":37}}},"fnMap":{},"branchMap":{},"s":{"0":1,"1":1,"2":1},"f":{},"b":{},"inputSourceMap":null,"_coverageSchema":"1a1c01bbd47fc00a2c39e90264f33305004495a9","hash":"87632f320c332e83cfb3e2de82edcd5bfb31ca19"}
,"/Users/dakoo/Documents/workspace/Appfinanzas/finanzas-backend/src/routes/reportRoutes.js": {"path":"/Users/dakoo/Documents/workspace/Appfinanzas/finanzas-backend/src/routes/reportRoutes.js","statementMap":{"0":{"start":{"line":4,"column":15},"end":{"line":4,"column":31}},"1":{"start":{"line":13,"column":0},"end":{"line":13,"column":31}}},"fnMap":{},"branchMap":{},"s":{"0":1,"1":1},"f":{},"b":{},"inputSourceMap":null,"_coverageSchema":"1a1c01bbd47fc00a2c39e90264f33305004495a9","hash":"3042ec871e85a8329512cd290be43fd433aa1a3c"}
,"/Users/dakoo/Documents/workspace/Appfinanzas/finanzas-backend/src/routes/savingsGoalRoutes.js": {"path":"/Users/dakoo/Documents/workspace/Appfinanzas/finanzas-backend/src/routes/savingsGoalRoutes.js","statementMap":{"0":{"start":{"line":11,"column":15},"end":{"line":11,"column":23}},"1":{"start":{"line":13,"column":0},"end":{"line":13,"column":33}},"2":{"start":{"line":14,"column":0},"end":{"line":14,"column":39}},"3":{"start":{"line":15,"column":0},"end":{"line":15,"column":36}},"4":{"start":{"line":16,"column":0},"end":{"line":16,"column":38}},"5":{"start":{"line":17,"column":0},"end":{"line":17,"column":41}},"6":{"start":{"line":18,"column":0},"end":{"line":18,"column":60}}},"fnMap":{},"branchMap":{},"s":{"0":1,"1":1,"2":1,"3":1,"4":1,"5":1,"6":1},"f":{},"b":{},"inputSourceMap":null,"_coverageSchema":"1a1c01bbd47fc00a2c39e90264f33305004495a9","hash":"be366a7a1ad26f471b89500288ef1095366fae49"}
,"/Users/dakoo/Documents/workspace/Appfinanzas/finanzas-backend/src/routes/transactionRoutes.js": {"path":"/Users/dakoo/Documents/workspace/Appfinanzas/finanzas-backend/src/routes/transactionRoutes.js","statementMap":{"0":{"start":{"line":4,"column":15},"end":{"line":4,"column":23}},"1":{"start":{"line":7,"column":0},"end":{"line":7,"column":33}},"2":{"start":{"line":8,"column":0},"end":{"line":8,"column":36}},"3":{"start":{"line":9,"column":0},"end":{"line":9,"column":38}},"4":{"start":{"line":10,"column":0},"end":{"line":10,"column":50}},"5":{"start":{"line":11,"column":0},"end":{"line":11,"column":47}},"6":{"start":{"line":12,"column":0},"end":{"line":12,"column":41}}},"fnMap":{},"branchMap":{},"s":{"0":1,"1":1,"2":1,"3":1,"4":1,"5":1,"6":1},"f":{},"b":{},"inputSourceMap":null,"_coverageSchema":"1a1c01bbd47fc00a2c39e90264f33305004495a9","hash":"398401bec273f64068b78b3929a6bc2aae3d2ca4"}
}
