TN:
SF:src/index.js
FN:46,(anonymous_0)
FN:61,(anonymous_1)
FN:91,(anonymous_2)
FN:98,(anonymous_3)
FN:130,(anonymous_4)
FNF:5
FNH:1
FNDA:1,(anonymous_0)
FNDA:0,(anonymous_1)
FNDA:0,(anonymous_2)
FNDA:0,(anonymous_3)
FNDA:0,(anonymous_4)
DA:24,1
DA:26,1
DA:27,1
DA:30,1
DA:37,1
DA:38,1
DA:39,1
DA:40,1
DA:43,1
DA:46,1
DA:47,1
DA:49,1
DA:50,1
DA:56,0
DA:61,1
DA:62,0
DA:63,0
DA:64,0
DA:68,0
DA:69,0
DA:71,0
DA:73,0
DA:78,1
DA:79,1
DA:80,1
DA:81,1
DA:82,1
DA:83,1
DA:84,1
DA:85,1
DA:86,1
DA:87,1
DA:88,1
DA:91,1
DA:92,0
DA:98,1
DA:99,0
DA:101,0
DA:102,0
DA:105,0
DA:106,0
DA:107,0
DA:108,0
DA:109,0
DA:110,0
DA:111,0
DA:112,0
DA:113,0
DA:114,0
DA:115,0
DA:116,0
DA:117,0
DA:119,0
DA:123,0
DA:129,1
DA:130,0
DA:131,0
LF:57
LH:28
BRDA:27,0,0,1
BRDA:27,0,1,0
BRDA:68,1,0,0
BRDA:68,1,1,0
BRDA:101,2,0,0
BRDA:101,2,1,0
BRDA:102,3,0,0
BRDA:102,3,1,0
BRDA:105,4,0,0
BRDA:105,4,1,0
BRDA:107,5,0,0
BRDA:107,5,1,0
BRDA:108,6,0,0
BRDA:108,6,1,0
BRDA:110,7,0,0
BRDA:110,7,1,0
BRDA:112,8,0,0
BRDA:112,8,1,0
BRDA:114,9,0,0
BRDA:114,9,1,0
BRDA:116,10,0,0
BRDA:116,10,1,0
BRDA:125,11,0,0
BRDA:125,11,1,0
BRDA:129,12,0,0
BRDA:129,12,1,1
BRF:26
BRH:2
end_of_record
TN:
SF:src/config/db.js
FN:38,(anonymous_0)
FN:50,(anonymous_1)
FNF:2
FNH:0
FNDA:0,(anonymous_0)
FNDA:0,(anonymous_1)
DA:6,1
DA:7,1
DA:11,1
DA:13,1
DA:15,1
DA:27,1
DA:28,1
DA:30,1
DA:31,1
DA:35,1
DA:38,1
DA:39,0
DA:50,1
DA:51,0
LF:14
LH:12
BRDA:6,0,0,1
BRDA:6,0,1,0
BRDA:18,1,0,1
BRDA:18,1,1,1
BRDA:20,2,0,1
BRDA:20,2,1,1
BRDA:21,3,0,1
BRDA:21,3,1,1
BRDA:27,4,0,1
BRDA:27,4,1,0
BRDA:30,5,0,1
BRDA:30,5,1,0
BRDA:30,6,0,1
BRDA:30,6,1,1
BRF:14
BRH:11
end_of_record
TN:
SF:src/config/swagger.js
FNF:0
FNH:0
DA:1,1
LF:1
LH:1
BRF:0
BRH:0
end_of_record
TN:
SF:src/controllers/bankAccountController.js
FN:6,(anonymous_0)
FN:19,(anonymous_1)
FN:37,(anonymous_2)
FN:84,(anonymous_3)
FN:131,(anonymous_4)
FNF:5
FNH:0
FNDA:0,(anonymous_0)
FNDA:0,(anonymous_1)
FNDA:0,(anonymous_2)
FNDA:0,(anonymous_3)
FNDA:0,(anonymous_4)
DA:6,1
DA:7,0
DA:8,0
DA:9,0
DA:10,0
DA:12,0
DA:19,1
DA:20,0
DA:21,0
DA:22,0
DA:23,0
DA:24,0
DA:25,0
DA:26,0
DA:28,0
DA:30,0
DA:37,1
DA:38,0
DA:41,0
DA:42,0
DA:43,0
DA:44,0
DA:48,0
DA:49,0
DA:50,0
DA:51,0
DA:52,0
DA:55,0
DA:56,0
DA:57,0
DA:58,0
DA:59,0
DA:62,0
DA:63,0
DA:68,0
DA:75,0
DA:77,0
DA:84,1
DA:85,0
DA:86,0
DA:88,0
DA:89,0
DA:90,0
DA:91,0
DA:94,0
DA:95,0
DA:96,0
DA:97,0
DA:98,0
DA:101,0
DA:102,0
DA:108,0
DA:116,0
DA:117,0
DA:118,0
DA:119,0
DA:122,0
DA:124,0
DA:131,1
DA:132,0
DA:133,0
DA:134,0
DA:135,0
DA:136,0
DA:137,0
DA:138,0
DA:140,0
DA:145,0
LF:68
LH:5
BRDA:23,0,0,0
BRDA:23,0,1,0
BRDA:41,1,0,0
BRDA:41,1,1,0
BRDA:41,2,0,0
BRDA:41,2,1,0
BRDA:41,2,2,0
BRDA:49,3,0,0
BRDA:49,3,1,0
BRDA:55,4,0,0
BRDA:55,4,1,0
BRDA:56,5,0,0
BRDA:56,5,1,0
BRDA:88,6,0,0
BRDA:88,6,1,0
BRDA:88,7,0,0
BRDA:88,7,1,0
BRDA:88,7,2,0
BRDA:95,8,0,0
BRDA:95,8,1,0
BRDA:116,9,0,0
BRDA:116,9,1,0
BRDA:135,10,0,0
BRDA:135,10,1,0
BRF:24
BRH:0
end_of_record
TN:
SF:src/controllers/budgetController.js
FN:6,(anonymous_0)
FN:26,(anonymous_1)
FN:87,(anonymous_2)
FNF:3
FNH:0
FNDA:0,(anonymous_0)
FNDA:0,(anonymous_1)
FNDA:0,(anonymous_2)
DA:6,1
DA:7,0
DA:8,0
DA:16,0
DA:17,0
DA:19,0
DA:26,1
DA:27,0
DA:30,0
DA:31,0
DA:32,0
DA:33,0
DA:36,0
DA:37,0
DA:38,0
DA:39,0
DA:40,0
DA:43,0
DA:45,0
DA:46,0
DA:47,0
DA:48,0
DA:49,0
DA:52,0
DA:53,0
DA:54,0
DA:55,0
DA:59,0
DA:66,0
DA:67,0
DA:70,0
DA:77,0
DA:78,0
DA:80,0
DA:87,1
DA:88,0
DA:90,0
DA:91,0
DA:92,0
DA:93,0
DA:94,0
DA:95,0
DA:98,0
DA:103,0
LF:44
LH:3
BRDA:30,0,0,0
BRDA:30,0,1,0
BRDA:30,1,0,0
BRDA:30,1,1,0
BRDA:37,2,0,0
BRDA:37,2,1,0
BRDA:37,3,0,0
BRDA:37,3,1,0
BRDA:46,4,0,0
BRDA:46,4,1,0
BRDA:52,5,0,0
BRDA:52,5,1,0
BRDA:92,6,0,0
BRDA:92,6,1,0
BRF:14
BRH:0
end_of_record
TN:
SF:src/controllers/categoryController.js
FN:6,(anonymous_0)
FN:21,(anonymous_1)
FN:62,(anonymous_2)
FN:109,(anonymous_3)
FNF:4
FNH:0
FNDA:0,(anonymous_0)
FNDA:0,(anonymous_1)
FNDA:0,(anonymous_2)
FNDA:0,(anonymous_3)
DA:6,1
DA:7,0
DA:8,0
DA:12,0
DA:14,0
DA:21,1
DA:22,0
DA:25,0
DA:26,0
DA:27,0
DA:28,0
DA:31,0
DA:32,0
DA:33,0
DA:34,0
DA:37,0
DA:39,0
DA:44,0
DA:46,0
DA:47,0
DA:50,0
DA:51,0
DA:52,0
DA:53,0
DA:55,0
DA:62,1
DA:63,0
DA:64,0
DA:67,0
DA:68,0
DA:69,0
DA:70,0
DA:73,0
DA:74,0
DA:75,0
DA:76,0
DA:79,0
DA:80,0
DA:86,0
DA:88,0
DA:89,0
DA:90,0
DA:91,0
DA:92,0
DA:95,0
DA:97,0
DA:98,0
DA:99,0
DA:100,0
DA:102,0
DA:109,1
DA:110,0
DA:112,0
DA:113,0
DA:117,0
DA:118,0
DA:119,0
DA:120,0
DA:123,0
DA:128,0
LF:60
LH:4
BRDA:25,0,0,0
BRDA:25,0,1,0
BRDA:25,1,0,0
BRDA:25,1,1,0
BRDA:31,2,0,0
BRDA:31,2,1,0
BRDA:31,3,0,0
BRDA:31,3,1,0
BRDA:44,4,0,0
BRDA:44,4,1,0
BRDA:44,5,0,0
BRDA:44,5,1,0
BRDA:50,6,0,0
BRDA:50,6,1,0
BRDA:67,7,0,0
BRDA:67,7,1,0
BRDA:67,8,0,0
BRDA:67,8,1,0
BRDA:73,9,0,0
BRDA:73,9,1,0
BRDA:73,10,0,0
BRDA:73,10,1,0
BRDA:86,11,0,0
BRDA:86,11,1,0
BRDA:86,12,0,0
BRDA:86,12,1,0
BRDA:89,13,0,0
BRDA:89,13,1,0
BRDA:97,14,0,0
BRDA:97,14,1,0
BRDA:117,15,0,0
BRDA:117,15,1,0
BRF:32
BRH:0
end_of_record
TN:
SF:src/controllers/creditCardController.js
FN:8,(anonymous_0)
FN:21,(anonymous_1)
FN:39,(anonymous_2)
FN:96,(anonymous_3)
FN:161,(anonymous_4)
FNF:5
FNH:0
FNDA:0,(anonymous_0)
FNDA:0,(anonymous_1)
FNDA:0,(anonymous_2)
FNDA:0,(anonymous_3)
FNDA:0,(anonymous_4)
DA:3,1
DA:8,1
DA:9,0
DA:10,0
DA:11,0
DA:12,0
DA:14,0
DA:21,1
DA:22,0
DA:23,0
DA:24,0
DA:25,0
DA:26,0
DA:27,0
DA:28,0
DA:30,0
DA:32,0
DA:39,1
DA:40,0
DA:43,0
DA:44,0
DA:45,0
DA:46,0
DA:49,0
DA:50,0
DA:51,0
DA:52,0
DA:56,0
DA:57,0
DA:58,0
DA:59,0
DA:60,0
DA:63,0
DA:64,0
DA:65,0
DA:66,0
DA:67,0
DA:70,0
DA:72,0
DA:73,0
DA:78,0
DA:87,0
DA:89,0
DA:96,1
DA:97,0
DA:98,0
DA:100,0
DA:101,0
DA:102,0
DA:103,0
DA:106,0
DA:107,0
DA:108,0
DA:109,0
DA:112,0
DA:113,0
DA:114,0
DA:115,0
DA:116,0
DA:119,0
DA:120,0
DA:121,0
DA:122,0
DA:123,0
DA:126,0
DA:128,0
DA:129,0
DA:135,0
DA:146,0
DA:147,0
DA:148,0
DA:149,0
DA:152,0
DA:154,0
DA:161,1
DA:162,0
DA:163,0
DA:164,0
DA:165,0
DA:166,0
DA:167,0
DA:168,0
DA:170,0
DA:175,0
LF:84
LH:6
BRDA:25,0,0,0
BRDA:25,0,1,0
BRDA:43,1,0,0
BRDA:43,1,1,0
BRDA:43,2,0,0
BRDA:43,2,1,0
BRDA:43,2,2,0
BRDA:43,2,3,0
BRDA:49,3,0,0
BRDA:49,3,1,0
BRDA:57,4,0,0
BRDA:57,4,1,0
BRDA:63,5,0,0
BRDA:63,5,1,0
BRDA:64,6,0,0
BRDA:64,6,1,0
BRDA:70,7,0,0
BRDA:70,7,1,0
BRDA:100,8,0,0
BRDA:100,8,1,0
BRDA:100,9,0,0
BRDA:100,9,1,0
BRDA:100,9,2,0
BRDA:100,9,3,0
BRDA:106,10,0,0
BRDA:106,10,1,0
BRDA:113,11,0,0
BRDA:113,11,1,0
BRDA:120,12,0,0
BRDA:120,12,1,0
BRDA:126,13,0,0
BRDA:126,13,1,0
BRDA:146,14,0,0
BRDA:146,14,1,0
BRDA:165,15,0,0
BRDA:165,15,1,0
BRF:36
BRH:0
end_of_record
TN:
SF:src/controllers/dashboardController.js
FN:6,(anonymous_0)
FN:97,(anonymous_1)
FN:101,(anonymous_2)
FNF:3
FNH:0
FNDA:0,(anonymous_0)
FNDA:0,(anonymous_1)
FNDA:0,(anonymous_2)
DA:6,1
DA:7,0
DA:8,0
DA:10,0
DA:11,0
DA:13,0
DA:14,0
DA:15,0
DA:16,0
DA:17,0
DA:18,0
DA:19,0
DA:20,0
DA:21,0
DA:22,0
DA:23,0
DA:24,0
DA:27,0
DA:28,0
DA:32,0
DA:48,0
DA:49,0
DA:50,0
DA:53,0
DA:68,0
DA:71,0
DA:88,0
DA:90,0
DA:97,0
DA:101,0
DA:108,0
LF:31
LH:1
BRDA:13,0,0,0
BRDA:13,0,1,0
BRDA:16,1,0,0
BRDA:16,1,1,0
BRDA:19,2,0,0
BRDA:19,2,1,0
BRDA:22,3,0,0
BRDA:22,3,1,0
BRDA:95,4,0,0
BRDA:95,4,1,0
BRF:10
BRH:0
end_of_record
TN:
SF:src/controllers/importController.js
FN:11,(anonymous_0)
FN:47,(anonymous_1)
FN:93,(anonymous_2)
FN:141,(anonymous_3)
FN:143,(anonymous_4)
FN:153,(anonymous_5)
FN:188,(anonymous_6)
FN:188,(anonymous_7)
FN:189,(anonymous_8)
FN:189,(anonymous_9)
FN:194,(anonymous_10)
FN:198,(anonymous_11)
FN:204,(anonymous_12)
FN:219,(anonymous_13)
FN:245,(anonymous_14)
FN:342,(anonymous_15)
FN:355,(anonymous_16)
FN:393,(anonymous_17)
FN:448,(anonymous_18)
FN:536,(anonymous_19)
FN:539,(anonymous_20)
FN:543,(anonymous_21)
FN:566,(anonymous_22)
FNF:23
FNH:0
FNDA:0,(anonymous_0)
FNDA:0,(anonymous_1)
FNDA:0,(anonymous_2)
FNDA:0,(anonymous_3)
FNDA:0,(anonymous_4)
FNDA:0,(anonymous_5)
FNDA:0,(anonymous_6)
FNDA:0,(anonymous_7)
FNDA:0,(anonymous_8)
FNDA:0,(anonymous_9)
FNDA:0,(anonymous_10)
FNDA:0,(anonymous_11)
FNDA:0,(anonymous_12)
FNDA:0,(anonymous_13)
FNDA:0,(anonymous_14)
FNDA:0,(anonymous_15)
FNDA:0,(anonymous_16)
FNDA:0,(anonymous_17)
FNDA:0,(anonymous_18)
FNDA:0,(anonymous_19)
FNDA:0,(anonymous_20)
FNDA:0,(anonymous_21)
FNDA:0,(anonymous_22)
DA:2,1
DA:3,1
DA:11,1
DA:12,0
DA:15,0
DA:19,0
DA:21,0
DA:22,0
DA:25,0
DA:27,0
DA:31,0
DA:32,0
DA:33,0
DA:35,0
DA:39,0
DA:40,0
DA:47,1
DA:48,0
DA:50,0
DA:51,0
DA:56,0
DA:59,0
DA:60,0
DA:61,0
DA:62,0
DA:63,0
DA:64,0
DA:65,0
DA:67,0
DA:71,0
DA:72,0
DA:73,0
DA:74,0
DA:75,0
DA:79,0
DA:80,0
DA:81,0
DA:82,0
DA:83,0
DA:84,0
DA:87,0
DA:93,1
DA:94,0
DA:96,0
DA:140,0
DA:141,0
DA:143,0
DA:144,0
DA:147,0
DA:153,1
DA:154,0
DA:155,0
DA:156,0
DA:157,0
DA:160,0
DA:162,0
DA:163,0
DA:164,0
DA:165,0
DA:168,0
DA:169,0
DA:172,0
DA:173,0
DA:174,0
DA:178,0
DA:179,0
DA:180,0
DA:182,0
DA:183,0
DA:184,0
DA:186,0
DA:188,0
DA:189,0
DA:191,0
DA:192,0
DA:194,0
DA:195,0
DA:196,0
DA:198,0
DA:202,0
DA:204,0
DA:205,0
DA:211,0
DA:212,0
DA:213,0
DA:215,0
DA:216,0
DA:217,0
DA:219,0
DA:220,0
DA:221,0
DA:224,0
DA:225,0
DA:226,0
DA:227,0
DA:230,0
DA:242,0
DA:245,0
DA:246,0
DA:248,0
DA:249,0
DA:254,0
DA:255,0
DA:256,0
DA:257,0
DA:259,0
DA:260,0
DA:261,0
DA:262,0
DA:263,0
DA:264,0
DA:266,0
DA:267,0
DA:268,0
DA:270,0
DA:278,0
DA:285,0
DA:286,0
DA:287,0
DA:288,0
DA:289,0
DA:290,0
DA:291,0
DA:294,0
DA:295,0
DA:296,0
DA:297,0
DA:299,0
DA:307,0
DA:309,0
DA:310,0
DA:311,0
DA:319,0
DA:320,0
DA:321,0
DA:323,0
DA:324,0
DA:325,0
DA:326,0
DA:329,0
DA:339,0
DA:342,0
DA:343,0
DA:345,0
DA:346,0
DA:348,0
DA:349,0
DA:351,0
DA:352,0
DA:354,0
DA:355,0
DA:356,0
DA:357,0
DA:361,0
DA:362,0
DA:363,0
DA:365,0
DA:366,0
DA:368,0
DA:369,0
DA:370,0
DA:371,0
DA:373,0
DA:375,0
DA:384,0
DA:391,0
DA:392,0
DA:393,0
DA:394,0
DA:395,0
DA:399,0
DA:400,0
DA:401,0
DA:403,0
DA:404,0
DA:406,0
DA:407,0
DA:408,0
DA:409,0
DA:410,0
DA:412,0
DA:414,0
DA:422,0
DA:425,0
DA:426,0
DA:427,0
DA:436,0
DA:437,0
DA:440,0
DA:441,0
DA:442,0
DA:445,0
DA:446,0
DA:448,0
DA:449,0
DA:450,0
DA:452,0
DA:455,0
DA:456,0
DA:459,0
DA:460,0
DA:469,0
DA:473,0
DA:475,0
DA:476,0
DA:478,0
DA:479,0
DA:480,0
DA:482,0
DA:484,0
DA:485,0
DA:486,0
DA:487,0
DA:489,0
DA:490,0
DA:492,0
DA:500,0
DA:507,0
DA:508,0
DA:510,0
DA:511,0
DA:512,0
DA:513,0
DA:515,0
DA:516,0
DA:518,0
DA:526,0
DA:528,0
DA:536,0
DA:537,0
DA:538,0
DA:539,0
DA:543,0
DA:545,0
DA:546,0
DA:547,0
DA:548,0
DA:549,0
DA:551,0
DA:558,0
DA:566,1
DA:567,0
DA:569,0
DA:570,0
DA:571,0
DA:572,0
DA:575,0
DA:577,0
DA:578,0
DA:579,0
DA:580,0
DA:581,0
DA:584,0
DA:585,0
DA:586,0
DA:587,0
DA:588,0
DA:591,0
DA:592,0
DA:593,0
DA:594,0
DA:599,0
DA:601,0
DA:603,0
DA:604,0
DA:609,0
DA:619,0
DA:620,0
DA:624,0
DA:626,0
DA:634,0
DA:635,0
DA:637,0
DA:639,0
LF:274
LH:7
BRDA:12,0,0,0
BRDA:12,0,1,0
BRDA:19,1,0,0
BRDA:19,1,1,0
BRDA:19,2,0,0
BRDA:19,2,1,0
BRDA:21,3,0,0
BRDA:21,3,1,0
BRDA:27,4,0,0
BRDA:27,4,1,0
BRDA:32,5,0,0
BRDA:32,5,1,0
BRDA:40,6,0,0
BRDA:40,6,1,0
BRDA:48,7,0,0
BRDA:48,7,1,0
BRDA:60,8,0,0
BRDA:60,8,1,0
BRDA:64,9,0,0
BRDA:64,9,1,0
BRDA:72,10,0,0
BRDA:72,10,1,0
BRDA:80,11,0,0
BRDA:80,11,1,0
BRDA:83,12,0,0
BRDA:83,12,1,0
BRDA:141,13,0,0
BRDA:141,13,1,0
BRDA:143,14,0,0
BRDA:143,14,1,0
BRDA:144,15,0,0
BRDA:144,15,1,0
BRDA:154,16,0,0
BRDA:154,16,1,0
BRDA:188,17,0,0
BRDA:188,17,1,0
BRDA:188,18,0,0
BRDA:188,18,1,0
BRDA:189,19,0,0
BRDA:189,19,1,0
BRDA:189,20,0,0
BRDA:189,20,1,0
BRDA:195,21,0,0
BRDA:195,21,1,0
BRDA:196,22,0,0
BRDA:196,22,1,0
BRDA:196,23,0,0
BRDA:196,23,1,0
BRDA:198,24,0,0
BRDA:198,24,1,0
BRDA:198,25,0,0
BRDA:198,25,1,0
BRDA:211,26,0,0
BRDA:211,26,1,0
BRDA:213,27,0,0
BRDA:213,27,1,0
BRDA:220,28,0,0
BRDA:220,28,1,0
BRDA:221,29,0,0
BRDA:221,29,1,0
BRDA:227,30,0,0
BRDA:227,30,1,0
BRDA:230,31,0,0
BRDA:230,31,1,0
BRDA:230,32,0,0
BRDA:230,32,1,0
BRDA:230,32,2,0
BRDA:230,32,3,0
BRDA:230,32,4,0
BRDA:230,32,5,0
BRDA:230,32,6,0
BRDA:230,32,7,0
BRDA:230,32,8,0
BRDA:230,32,9,0
BRDA:230,32,10,0
BRDA:230,32,11,0
BRDA:246,33,0,0
BRDA:246,33,1,0
BRDA:248,34,0,0
BRDA:248,34,1,0
BRDA:249,35,0,0
BRDA:249,35,1,0
BRDA:249,35,2,0
BRDA:249,35,3,0
BRDA:254,36,0,0
BRDA:254,36,1,0
BRDA:259,37,0,0
BRDA:259,37,1,0
BRDA:262,38,0,0
BRDA:262,38,1,0
BRDA:263,39,0,0
BRDA:263,39,1,0
BRDA:266,40,0,0
BRDA:266,40,1,0
BRDA:267,41,0,0
BRDA:267,41,1,0
BRDA:280,42,0,0
BRDA:280,42,1,0
BRDA:281,43,0,0
BRDA:281,43,1,0
BRDA:285,44,0,0
BRDA:285,44,1,0
BRDA:286,45,0,0
BRDA:286,45,1,0
BRDA:290,46,0,0
BRDA:290,46,1,0
BRDA:295,47,0,0
BRDA:295,47,1,0
BRDA:296,48,0,0
BRDA:296,48,1,0
BRDA:310,49,0,0
BRDA:310,49,1,0
BRDA:326,50,0,0
BRDA:326,50,1,0
BRDA:329,51,0,0
BRDA:329,51,1,0
BRDA:329,52,0,0
BRDA:329,52,1,0
BRDA:329,52,2,0
BRDA:329,52,3,0
BRDA:329,52,4,0
BRDA:329,52,5,0
BRDA:329,52,6,0
BRDA:329,52,7,0
BRDA:329,52,8,0
BRDA:329,52,9,0
BRDA:343,53,0,0
BRDA:343,53,1,0
BRDA:345,54,0,0
BRDA:345,54,1,0
BRDA:352,55,0,0
BRDA:352,55,1,0
BRDA:352,56,0,0
BRDA:352,56,1,0
BRDA:352,57,0,0
BRDA:352,57,1,0
BRDA:356,58,0,0
BRDA:356,58,1,0
BRDA:356,59,0,0
BRDA:356,59,1,0
BRDA:361,60,0,0
BRDA:361,60,1,0
BRDA:368,61,0,0
BRDA:368,61,1,0
BRDA:368,62,0,0
BRDA:368,62,1,0
BRDA:371,63,0,0
BRDA:371,63,1,0
BRDA:391,64,0,0
BRDA:391,64,1,0
BRDA:394,65,0,0
BRDA:394,65,1,0
BRDA:394,66,0,0
BRDA:394,66,1,0
BRDA:399,67,0,0
BRDA:399,67,1,0
BRDA:406,68,0,0
BRDA:406,68,1,0
BRDA:406,69,0,0
BRDA:406,69,1,0
BRDA:409,70,0,0
BRDA:409,70,1,0
BRDA:426,71,0,0
BRDA:426,71,1,0
BRDA:426,72,0,0
BRDA:426,72,1,0
BRDA:426,72,2,0
BRDA:449,73,0,0
BRDA:449,73,1,0
BRDA:449,74,0,0
BRDA:449,74,1,0
BRDA:459,75,0,0
BRDA:459,75,1,0
BRDA:460,76,0,0
BRDA:460,76,1,0
BRDA:460,77,0,0
BRDA:460,77,1,0
BRDA:460,77,2,0
BRDA:460,77,3,0
BRDA:460,77,4,0
BRDA:460,77,5,0
BRDA:460,77,6,0
BRDA:460,77,7,0
BRDA:460,77,8,0
BRDA:473,78,0,0
BRDA:473,78,1,0
BRDA:473,78,2,0
BRDA:475,79,0,0
BRDA:475,79,1,0
BRDA:484,80,0,0
BRDA:484,80,1,0
BRDA:507,81,0,0
BRDA:507,81,1,0
BRDA:510,82,0,0
BRDA:510,82,1,0
BRDA:537,83,0,0
BRDA:537,83,1,0
BRDA:569,84,0,0
BRDA:569,84,1,0
BRDA:569,85,0,0
BRDA:569,85,1,0
BRDA:569,85,2,0
BRDA:578,86,0,0
BRDA:578,86,1,0
BRDA:578,87,0,0
BRDA:578,87,1,0
BRDA:578,87,2,0
BRDA:578,87,3,0
BRDA:585,88,0,0
BRDA:585,88,1,0
BRDA:585,89,0,0
BRDA:585,89,1,0
BRDA:591,90,0,0
BRDA:591,90,1,0
BRDA:591,91,0,0
BRDA:591,91,1,0
BRDA:614,92,0,0
BRDA:614,92,1,0
BRDA:615,93,0,0
BRDA:615,93,1,0
BRF:220
BRH:0
end_of_record
TN:
SF:src/controllers/investmentController.js
FN:20,(anonymous_0)
FN:33,(anonymous_1)
FN:55,(anonymous_2)
FN:107,(anonymous_3)
FN:164,(anonymous_4)
FN:188,(anonymous_5)
FN:243,(anonymous_6)
FNF:7
FNH:0
FNDA:0,(anonymous_0)
FNDA:0,(anonymous_1)
FNDA:0,(anonymous_2)
FNDA:0,(anonymous_3)
FNDA:0,(anonymous_4)
FNDA:0,(anonymous_5)
FNDA:0,(anonymous_6)
DA:4,1
DA:9,1
DA:20,1
DA:21,0
DA:22,0
DA:23,0
DA:24,0
DA:26,0
DA:33,1
DA:34,0
DA:36,0
DA:37,0
DA:38,0
DA:40,0
DA:41,0
DA:42,0
DA:43,0
DA:46,0
DA:48,0
DA:55,1
DA:56,0
DA:59,0
DA:60,0
DA:61,0
DA:62,0
DA:65,0
DA:66,0
DA:67,0
DA:68,0
DA:71,0
DA:72,0
DA:73,0
DA:74,0
DA:75,0
DA:78,0
DA:79,0
DA:80,0
DA:81,0
DA:82,0
DA:85,0
DA:86,0
DA:91,0
DA:92,0
DA:95,0
DA:96,0
DA:98,0
DA:100,0
DA:107,1
DA:108,0
DA:109,0
DA:111,0
DA:112,0
DA:113,0
DA:114,0
DA:117,0
DA:118,0
DA:119,0
DA:120,0
DA:123,0
DA:124,0
DA:125,0
DA:126,0
DA:127,0
DA:130,0
DA:131,0
DA:132,0
DA:133,0
DA:134,0
DA:137,0
DA:138,0
DA:144,0
DA:146,0
DA:147,0
DA:148,0
DA:149,0
DA:152,0
DA:153,0
DA:155,0
DA:157,0
DA:164,1
DA:165,0
DA:167,0
DA:168,0
DA:170,0
DA:171,0
DA:172,0
DA:173,0
DA:176,0
DA:181,0
DA:188,1
DA:189,0
DA:190,0
DA:192,0
DA:193,0
DA:194,0
DA:195,0
DA:198,0
DA:199,0
DA:200,0
DA:201,0
DA:202,0
DA:205,0
DA:207,0
DA:208,0
DA:209,0
DA:210,0
DA:211,0
DA:214,0
DA:215,0
DA:217,0
DA:218,0
DA:219,0
DA:220,0
DA:223,0
DA:229,0
DA:231,0
DA:232,0
DA:234,0
DA:236,0
DA:243,1
DA:244,0
DA:245,0
DA:247,0
DA:248,0
DA:249,0
DA:250,0
DA:253,0
DA:254,0
DA:255,0
DA:256,0
DA:257,0
DA:260,0
DA:261,0
DA:267,0
DA:269,0
DA:270,0
DA:271,0
DA:272,0
DA:275,0
DA:276,0
DA:278,0
DA:280,0
LF:142
LH:9
BRDA:40,0,0,0
BRDA:40,0,1,0
BRDA:59,1,0,0
BRDA:59,1,1,0
BRDA:59,2,0,0
BRDA:59,2,1,0
BRDA:59,2,2,0
BRDA:65,3,0,0
BRDA:65,3,1,0
BRDA:72,4,0,0
BRDA:72,4,1,0
BRDA:72,5,0,0
BRDA:72,5,1,0
BRDA:78,6,0,0
BRDA:78,6,1,0
BRDA:79,7,0,0
BRDA:79,7,1,0
BRDA:111,8,0,0
BRDA:111,8,1,0
BRDA:111,9,0,0
BRDA:111,9,1,0
BRDA:111,9,2,0
BRDA:111,9,3,0
BRDA:117,10,0,0
BRDA:117,10,1,0
BRDA:124,11,0,0
BRDA:124,11,1,0
BRDA:124,12,0,0
BRDA:124,12,1,0
BRDA:131,13,0,0
BRDA:131,13,1,0
BRDA:146,14,0,0
BRDA:146,14,1,0
BRDA:170,15,0,0
BRDA:170,15,1,0
BRDA:192,16,0,0
BRDA:192,16,1,0
BRDA:199,17,0,0
BRDA:199,17,1,0
BRDA:199,18,0,0
BRDA:199,18,1,0
BRDA:208,19,0,0
BRDA:208,19,1,0
BRDA:217,20,0,0
BRDA:217,20,1,0
BRDA:247,21,0,0
BRDA:247,21,1,0
BRDA:254,22,0,0
BRDA:254,22,1,0
BRDA:269,23,0,0
BRDA:269,23,1,0
BRF:51
BRH:0
end_of_record
TN:
SF:src/controllers/profileController.js
FN:6,(anonymous_0)
FN:35,(anonymous_1)
FNF:2
FNH:0
FNDA:0,(anonymous_0)
FNDA:0,(anonymous_1)
DA:6,1
DA:7,0
DA:8,0
DA:9,0
DA:14,0
DA:15,0
DA:16,0
DA:17,0
DA:19,0
DA:23,0
DA:26,0
DA:28,0
DA:35,1
DA:36,0
DA:37,0
DA:39,0
DA:41,0
DA:42,0
DA:45,0
DA:46,0
DA:47,0
DA:48,0
DA:51,0
DA:56,0
DA:57,0
DA:58,0
DA:59,0
DA:64,0
DA:71,0
DA:77,0
DA:78,0
DA:79,0
DA:80,0
DA:83,0
DA:85,0
LF:35
LH:2
BRDA:14,0,0,0
BRDA:14,0,1,0
BRDA:16,1,0,0
BRDA:16,1,1,0
BRDA:17,2,0,0
BRDA:17,2,1,0
BRDA:41,3,0,0
BRDA:41,3,1,0
BRDA:45,4,0,0
BRDA:45,4,1,0
BRDA:56,5,0,0
BRDA:56,5,1,0
BRDA:72,6,0,0
BRDA:72,6,1,0
BRDA:73,7,0,0
BRDA:73,7,1,0
BRDA:77,8,0,0
BRDA:77,8,1,0
BRF:18
BRH:0
end_of_record
TN:
SF:src/controllers/reportController.js
FN:6,(anonymous_0)
FN:96,(anonymous_1)
FN:125,(anonymous_2)
FN:146,(anonymous_3)
FNF:4
FNH:0
FNDA:0,(anonymous_0)
FNDA:0,(anonymous_1)
FNDA:0,(anonymous_2)
FNDA:0,(anonymous_3)
DA:6,1
DA:7,0
DA:10,0
DA:11,0
DA:12,0
DA:14,0
DA:15,0
DA:17,0
DA:18,0
DA:20,0
DA:22,0
DA:23,0
DA:25,0
DA:26,0
DA:27,0
DA:31,0
DA:45,0
DA:47,0
DA:48,0
DA:49,0
DA:50,0
DA:53,0
DA:54,0
DA:55,0
DA:56,0
DA:57,0
DA:60,0
DA:71,0
DA:72,0
DA:77,0
DA:95,0
DA:96,0
DA:107,0
DA:124,0
DA:125,0
DA:132,0
DA:145,0
DA:146,0
DA:151,0
DA:165,0
LF:40
LH:1
BRDA:17,0,0,0
BRDA:17,0,1,0
BRDA:18,1,0,0
BRDA:18,1,1,0
BRDA:25,2,0,0
BRDA:25,2,1,0
BRDA:25,3,0,0
BRDA:25,3,1,0
BRDA:47,4,0,0
BRDA:47,4,1,0
BRDA:48,5,0,0
BRDA:48,5,1,0
BRDA:50,6,0,0
BRDA:50,6,1,0
BRDA:72,7,0,0
BRDA:72,7,1,0
BRDA:101,8,0,0
BRDA:101,8,1,0
BRDA:102,9,0,0
BRDA:102,9,1,0
BRDA:103,10,0,0
BRDA:103,10,1,0
BRDA:127,11,0,0
BRDA:127,11,1,0
BRDA:128,12,0,0
BRDA:128,12,1,0
BRDA:148,13,0,0
BRDA:148,13,1,0
BRF:28
BRH:0
end_of_record
TN:
SF:src/controllers/savingsGoalController.js
FN:6,(anonymous_0)
FN:19,(anonymous_1)
FN:37,(anonymous_2)
FN:85,(anonymous_3)
FN:143,(anonymous_4)
FN:164,(anonymous_5)
FNF:6
FNH:0
FNDA:0,(anonymous_0)
FNDA:0,(anonymous_1)
FNDA:0,(anonymous_2)
FNDA:0,(anonymous_3)
FNDA:0,(anonymous_4)
FNDA:0,(anonymous_5)
DA:6,1
DA:7,0
DA:8,0
DA:9,0
DA:10,0
DA:12,0
DA:19,1
DA:20,0
DA:21,0
DA:22,0
DA:23,0
DA:24,0
DA:25,0
DA:26,0
DA:28,0
DA:30,0
DA:37,1
DA:38,0
DA:41,0
DA:42,0
DA:43,0
DA:44,0
DA:47,0
DA:48,0
DA:49,0
DA:50,0
DA:51,0
DA:54,0
DA:55,0
DA:56,0
DA:57,0
DA:58,0
DA:61,0
DA:63,0
DA:64,0
DA:69,0
DA:76,0
DA:78,0
DA:85,1
DA:86,0
DA:87,0
DA:90,0
DA:91,0
DA:92,0
DA:93,0
DA:96,0
DA:97,0
DA:98,0
DA:99,0
DA:100,0
DA:103,0
DA:104,0
DA:105,0
DA:106,0
DA:107,0
DA:110,0
DA:112,0
DA:113,0
DA:119,0
DA:128,0
DA:129,0
DA:130,0
DA:131,0
DA:134,0
DA:136,0
DA:143,1
DA:144,0
DA:145,0
DA:146,0
DA:147,0
DA:148,0
DA:149,0
DA:150,0
DA:152,0
DA:157,0
DA:164,1
DA:165,0
DA:166,0
DA:168,0
DA:169,0
DA:170,0
DA:171,0
DA:172,0
DA:175,0
DA:177,0
DA:178,0
DA:179,0
DA:180,0
DA:181,0
DA:184,0
DA:185,0
DA:188,0
DA:189,0
DA:190,0
DA:191,0
DA:195,0
DA:201,0
DA:202,0
DA:204,0
LF:99
LH:6
BRDA:23,0,0,0
BRDA:23,0,1,0
BRDA:41,1,0,0
BRDA:41,1,1,0
BRDA:41,2,0,0
BRDA:41,2,1,0
BRDA:48,3,0,0
BRDA:48,3,1,0
BRDA:48,4,0,0
BRDA:48,4,1,0
BRDA:54,5,0,0
BRDA:54,5,1,0
BRDA:55,6,0,0
BRDA:55,6,1,0
BRDA:55,7,0,0
BRDA:55,7,1,0
BRDA:61,8,0,0
BRDA:61,8,1,0
BRDA:90,9,0,0
BRDA:90,9,1,0
BRDA:90,10,0,0
BRDA:90,10,1,0
BRDA:90,10,2,0
BRDA:97,11,0,0
BRDA:97,11,1,0
BRDA:97,12,0,0
BRDA:97,12,1,0
BRDA:104,13,0,0
BRDA:104,13,1,0
BRDA:104,14,0,0
BRDA:104,14,1,0
BRDA:110,15,0,0
BRDA:110,15,1,0
BRDA:128,16,0,0
BRDA:128,16,1,0
BRDA:147,17,0,0
BRDA:147,17,1,0
BRDA:169,18,0,0
BRDA:169,18,1,0
BRDA:178,19,0,0
BRDA:178,19,1,0
BRDA:188,20,0,0
BRDA:188,20,1,0
BRF:43
BRH:0
end_of_record
TN:
SF:src/controllers/transactionController.js
FN:6,(anonymous_0)
FN:63,(anonymous_1)
FN:152,(anonymous_2)
FN:173,(anonymous_3)
FN:252,(anonymous_4)
FN:267,(anonymous_5)
FNF:6
FNH:0
FNDA:0,(anonymous_0)
FNDA:0,(anonymous_1)
FNDA:0,(anonymous_2)
FNDA:0,(anonymous_3)
FNDA:0,(anonymous_4)
FNDA:0,(anonymous_5)
DA:6,1
DA:7,0
DA:9,0
DA:10,0
DA:19,0
DA:22,0
DA:23,0
DA:24,0
DA:25,0
DA:26,0
DA:28,0
DA:29,0
DA:33,0
DA:34,0
DA:35,0
DA:39,0
DA:40,0
DA:41,0
DA:45,0
DA:46,0
DA:47,0
DA:51,0
DA:53,0
DA:54,0
DA:56,0
DA:63,1
DA:64,0
DA:67,0
DA:68,0
DA:69,0
DA:70,0
DA:73,0
DA:74,0
DA:75,0
DA:76,0
DA:77,0
DA:80,0
DA:81,0
DA:82,0
DA:83,0
DA:86,0
DA:88,0
DA:89,0
DA:90,0
DA:91,0
DA:92,0
DA:93,0
DA:96,0
DA:97,0
DA:98,0
DA:99,0
DA:104,0
DA:105,0
DA:106,0
DA:107,0
DA:108,0
DA:109,0
DA:114,0
DA:119,0
DA:129,0
DA:132,0
DA:133,0
DA:143,0
DA:145,0
DA:152,1
DA:153,0
DA:155,0
DA:156,0
DA:158,0
DA:159,0
DA:160,0
DA:161,0
DA:164,0
DA:166,0
DA:173,1
DA:174,0
DA:175,0
DA:177,0
DA:179,0
DA:180,0
DA:181,0
DA:182,0
DA:183,0
DA:184,0
DA:189,0
DA:190,0
DA:191,0
DA:192,0
DA:193,0
DA:194,0
DA:199,0
DA:200,0
DA:202,0
DA:203,0
DA:204,0
DA:207,0
DA:208,0
DA:209,0
DA:210,0
DA:214,0
DA:215,0
DA:216,0
DA:217,0
DA:220,0
DA:221,0
DA:222,0
DA:224,0
DA:226,0
DA:227,0
DA:228,0
DA:229,0
DA:233,0
DA:243,0
DA:245,0
DA:252,1
DA:253,0
DA:254,0
DA:255,0
DA:260,0
DA:267,1
DA:268,0
DA:270,0
DA:271,0
DA:272,0
DA:273,0
DA:274,0
DA:275,0
DA:280,0
DA:285,0
DA:290,0
DA:295,0
DA:300,0
DA:305,0
DA:310,0
DA:315,0
DA:326,0
DA:331,0
DA:335,0
LF:138
LH:6
BRDA:22,0,0,0
BRDA:22,0,1,0
BRDA:23,1,0,0
BRDA:23,1,1,0
BRDA:23,2,0,0
BRDA:23,2,1,0
BRDA:33,3,0,0
BRDA:33,3,1,0
BRDA:39,4,0,0
BRDA:39,4,1,0
BRDA:45,5,0,0
BRDA:45,5,1,0
BRDA:67,6,0,0
BRDA:67,6,1,0
BRDA:67,7,0,0
BRDA:67,7,1,0
BRDA:67,7,2,0
BRDA:74,8,0,0
BRDA:74,8,1,0
BRDA:74,9,0,0
BRDA:74,9,1,0
BRDA:80,10,0,0
BRDA:80,10,1,0
BRDA:80,11,0,0
BRDA:80,11,1,0
BRDA:88,12,0,0
BRDA:88,12,1,0
BRDA:90,13,0,0
BRDA:90,13,1,0
BRDA:96,14,0,0
BRDA:96,14,1,0
BRDA:104,15,0,0
BRDA:104,15,1,0
BRDA:106,16,0,0
BRDA:106,16,1,0
BRDA:123,17,0,0
BRDA:123,17,1,0
BRDA:124,18,0,0
BRDA:124,18,1,0
BRDA:125,19,0,0
BRDA:125,19,1,0
BRDA:158,20,0,0
BRDA:158,20,1,0
BRDA:179,21,0,0
BRDA:179,21,1,0
BRDA:179,22,0,0
BRDA:179,22,1,0
BRDA:181,23,0,0
BRDA:181,23,1,0
BRDA:189,24,0,0
BRDA:189,24,1,0
BRDA:189,25,0,0
BRDA:189,25,1,0
BRDA:191,26,0,0
BRDA:191,26,1,0
BRDA:202,27,0,0
BRDA:202,27,1,0
BRDA:203,28,0,0
BRDA:203,28,1,0
BRDA:207,29,0,0
BRDA:207,29,1,0
BRDA:208,30,0,0
BRDA:208,30,1,0
BRDA:209,31,0,0
BRDA:209,31,1,0
BRDA:214,32,0,0
BRDA:214,32,1,0
BRDA:226,33,0,0
BRDA:226,33,1,0
BRF:69
BRH:0
end_of_record
TN:
SF:src/middlewares/authMiddleware.js
FN:14,(anonymous_0)
FNF:1
FNH:0
FNDA:0,(anonymous_0)
DA:4,1
DA:6,1
DA:14,1
DA:15,0
DA:16,0
DA:17,0
DA:20,0
DA:22,0
DA:24,0
DA:26,0
DA:27,0
DA:31,0
DA:32,0
DA:34,0
DA:35,0
LF:15
LH:3
BRDA:7,0,0,1
BRDA:7,0,1,0
BRDA:8,1,0,1
BRDA:8,1,1,0
BRDA:16,2,0,0
BRDA:16,2,1,0
BRDA:16,3,0,0
BRDA:16,3,1,0
BRDA:26,4,0,0
BRDA:26,4,1,0
BRDA:26,5,0,0
BRDA:26,5,1,0
BRF:12
BRH:2
end_of_record
TN:
SF:src/routes/bankAccountRoutes.js
FNF:0
FNH:0
DA:10,1
DA:13,1
DA:14,1
DA:15,1
DA:16,1
DA:17,1
LF:6
LH:6
BRF:0
BRH:0
end_of_record
TN:
SF:src/routes/budgetRoutes.js
FNF:0
FNH:0
DA:4,1
DA:7,1
DA:8,1
DA:9,1
LF:4
LH:4
BRF:0
BRH:0
end_of_record
TN:
SF:src/routes/categoryRoutes.js
FNF:0
FNH:0
DA:9,1
DA:12,1
DA:13,1
DA:14,1
DA:15,1
LF:5
LH:5
BRF:0
BRH:0
end_of_record
TN:
SF:src/routes/creditCardRoutes.js
FNF:0
FNH:0
DA:10,1
DA:13,1
DA:14,1
DA:15,1
DA:16,1
DA:17,1
LF:6
LH:6
BRF:0
BRH:0
end_of_record
TN:
SF:src/routes/dashboardRoutes.js
FNF:0
FNH:0
DA:4,1
DA:7,1
LF:2
LH:2
BRF:0
BRH:0
end_of_record
TN:
SF:src/routes/importRoutes.js
FN:13,(anonymous_0)
FNF:1
FNH:0
FNDA:0,(anonymous_0)
DA:5,1
DA:8,1
DA:14,0
DA:15,0
DA:17,0
DA:23,1
DA:26,1
LF:7
LH:4
BRDA:14,0,0,0
BRDA:14,0,1,0
BRF:2
BRH:0
end_of_record
TN:
SF:src/routes/investmentRoutes.js
FNF:0
FNH:0
DA:12,1
DA:15,1
DA:16,1
DA:17,1
DA:18,1
DA:19,1
DA:20,1
DA:21,1
LF:8
LH:8
BRF:0
BRH:0
end_of_record
TN:
SF:src/routes/profileRoutes.js
FNF:0
FNH:0
DA:4,1
DA:6,1
DA:7,1
LF:3
LH:3
BRF:0
BRH:0
end_of_record
TN:
SF:src/routes/reportRoutes.js
FNF:0
FNH:0
DA:4,1
DA:13,1
LF:2
LH:2
BRF:0
BRH:0
end_of_record
TN:
SF:src/routes/savingsGoalRoutes.js
FNF:0
FNH:0
DA:11,1
DA:13,1
DA:14,1
DA:15,1
DA:16,1
DA:17,1
DA:18,1
LF:7
LH:7
BRF:0
BRH:0
end_of_record
TN:
SF:src/routes/transactionRoutes.js
FNF:0
FNH:0
DA:4,1
DA:7,1
DA:8,1
DA:9,1
DA:10,1
DA:11,1
DA:12,1
LF:7
LH:7
BRF:0
BRH:0
end_of_record
